2017-05-10 05:03:19 [127.0.0.1][-][qdmp050iaq9jg1g99gjfh8bff4][error][yii\db\Exception] PDOException: SQLSTATE[HY000] [1045] Access denied for user 'root'@'localhost' (using password: NO) in /var/www/ANTs/Freelance/Talozo/dev/vendor/yiisoft/yii2/db/Connection.php:630
Stack trace:
#0 /var/www/ANTs/Freelance/Talozo/dev/vendor/yiisoft/yii2/db/Connection.php(630): PDO->__construct('mysql:host=loca...', 'root', '', NULL)
#1 /var/www/ANTs/Freelance/Talozo/dev/vendor/yiisoft/yii2/db/Connection.php(563): yii\db\Connection->createPdoInstance()
#2 /var/www/ANTs/Freelance/Talozo/dev/vendor/yiisoft/yii2/db/Connection.php(896): yii\db\Connection->open()
#3 /var/www/ANTs/Freelance/Talozo/dev/vendor/yiisoft/yii2/db/Connection.php(883): yii\db\Connection->getMasterPdo()
#4 /var/www/ANTs/Freelance/Talozo/dev/vendor/yiisoft/yii2/db/Schema.php(483): yii\db\Connection->getSlavePdo()
#5 /var/www/ANTs/Freelance/Talozo/dev/vendor/yiisoft/yii2/db/Connection.php(792): yii\db\Schema->quoteValue('asdasd')
#6 /var/www/ANTs/Freelance/Talozo/dev/vendor/yiisoft/yii2/db/Command.php(175): yii\db\Connection->quoteValue('asdasd')
#7 /var/www/ANTs/Freelance/Talozo/dev/vendor/yiisoft/yii2/db/Command.php(871): yii\db\Command->getRawSql()
#8 /var/www/ANTs/Freelance/Talozo/dev/vendor/yiisoft/yii2/db/Command.php(376): yii\db\Command->queryInternal('fetch', NULL)
#9 /var/www/ANTs/Freelance/Talozo/dev/vendor/yiisoft/yii2/db/Query.php(253): yii\db\Command->queryOne()
#10 /var/www/ANTs/Freelance/Talozo/dev/vendor/yiisoft/yii2/db/ActiveQuery.php(295): yii\db\Query->one(NULL)
#11 /var/www/ANTs/Freelance/Talozo/dev/vendor/yiisoft/yii2/db/BaseActiveRecord.php(107): yii\db\ActiveQuery->one()
#12 /var/www/ANTs/Freelance/Talozo/dev/common/models/User.php(83): yii\db\BaseActiveRecord::findOne(Array)
#13 /var/www/ANTs/Freelance/Talozo/dev/common/models/LoginForm.php(73): common\models\User::findByUsername('asdasd')
#14 /var/www/ANTs/Freelance/Talozo/dev/common/models/LoginForm.php(44): common\models\LoginForm->getUser()
#15 [internal function]: common\models\LoginForm->validatePassword('password', NULL, Object(yii\validators\InlineValidator))
#16 /var/www/ANTs/Freelance/Talozo/dev/vendor/yiisoft/yii2/validators/InlineValidator.php(72): call_user_func(Array, 'password', NULL, Object(yii\validators\InlineValidator))
#17 /var/www/ANTs/Freelance/Talozo/dev/vendor/yiisoft/yii2/validators/Validator.php(267): yii\validators\InlineValidator->validateAttribute(Object(common\models\LoginForm), 'password')
#18 /var/www/ANTs/Freelance/Talozo/dev/vendor/yiisoft/yii2/base/Model.php(358): yii\validators\Validator->validateAttributes(Object(common\models\LoginForm), Array)
#19 /var/www/ANTs/Freelance/Talozo/dev/common/models/LoginForm.php(58): yii\base\Model->validate()
#20 /var/www/ANTs/Freelance/Talozo/dev/backend/controllers/SiteController.php(78): common\models\LoginForm->login()
#21 [internal function]: backend\controllers\SiteController->actionLogin()
#22 /var/www/ANTs/Freelance/Talozo/dev/vendor/yiisoft/yii2/base/InlineAction.php(57): call_user_func_array(Array, Array)
#23 /var/www/ANTs/Freelance/Talozo/dev/vendor/yiisoft/yii2/base/Controller.php(156): yii\base\InlineAction->runWithParams(Array)
#24 /var/www/ANTs/Freelance/Talozo/dev/vendor/yiisoft/yii2/base/Module.php(523): yii\base\Controller->runAction('login', Array)
#25 /var/www/ANTs/Freelance/Talozo/dev/vendor/yiisoft/yii2/web/Application.php(102): yii\base\Module->runAction('site/login', Array)
#26 /var/www/ANTs/Freelance/Talozo/dev/vendor/yiisoft/yii2/base/Application.php(380): yii\web\Application->handleRequest(Object(yii\web\Request))
#27 /var/www/ANTs/Freelance/Talozo/dev/backend/index.php(17): yii\base\Application->run()
#28 {main}

Next yii\db\Exception: SQLSTATE[HY000] [1045] Access denied for user 'root'@'localhost' (using password: NO) in /var/www/ANTs/Freelance/Talozo/dev/vendor/yiisoft/yii2/db/Connection.php:568
Stack trace:
#0 /var/www/ANTs/Freelance/Talozo/dev/vendor/yiisoft/yii2/db/Connection.php(896): yii\db\Connection->open()
#1 /var/www/ANTs/Freelance/Talozo/dev/vendor/yiisoft/yii2/db/Connection.php(883): yii\db\Connection->getMasterPdo()
#2 /var/www/ANTs/Freelance/Talozo/dev/vendor/yiisoft/yii2/db/Schema.php(483): yii\db\Connection->getSlavePdo()
#3 /var/www/ANTs/Freelance/Talozo/dev/vendor/yiisoft/yii2/db/Connection.php(792): yii\db\Schema->quoteValue('asdasd')
#4 /var/www/ANTs/Freelance/Talozo/dev/vendor/yiisoft/yii2/db/Command.php(175): yii\db\Connection->quoteValue('asdasd')
#5 /var/www/ANTs/Freelance/Talozo/dev/vendor/yiisoft/yii2/db/Command.php(871): yii\db\Command->getRawSql()
#6 /var/www/ANTs/Freelance/Talozo/dev/vendor/yiisoft/yii2/db/Command.php(376): yii\db\Command->queryInternal('fetch', NULL)
#7 /var/www/ANTs/Freelance/Talozo/dev/vendor/yiisoft/yii2/db/Query.php(253): yii\db\Command->queryOne()
#8 /var/www/ANTs/Freelance/Talozo/dev/vendor/yiisoft/yii2/db/ActiveQuery.php(295): yii\db\Query->one(NULL)
#9 /var/www/ANTs/Freelance/Talozo/dev/vendor/yiisoft/yii2/db/BaseActiveRecord.php(107): yii\db\ActiveQuery->one()
#10 /var/www/ANTs/Freelance/Talozo/dev/common/models/User.php(83): yii\db\BaseActiveRecord::findOne(Array)
#11 /var/www/ANTs/Freelance/Talozo/dev/common/models/LoginForm.php(73): common\models\User::findByUsername('asdasd')
#12 /var/www/ANTs/Freelance/Talozo/dev/common/models/LoginForm.php(44): common\models\LoginForm->getUser()
#13 [internal function]: common\models\LoginForm->validatePassword('password', NULL, Object(yii\validators\InlineValidator))
#14 /var/www/ANTs/Freelance/Talozo/dev/vendor/yiisoft/yii2/validators/InlineValidator.php(72): call_user_func(Array, 'password', NULL, Object(yii\validators\InlineValidator))
#15 /var/www/ANTs/Freelance/Talozo/dev/vendor/yiisoft/yii2/validators/Validator.php(267): yii\validators\InlineValidator->validateAttribute(Object(common\models\LoginForm), 'password')
#16 /var/www/ANTs/Freelance/Talozo/dev/vendor/yiisoft/yii2/base/Model.php(358): yii\validators\Validator->validateAttributes(Object(common\models\LoginForm), Array)
#17 /var/www/ANTs/Freelance/Talozo/dev/common/models/LoginForm.php(58): yii\base\Model->validate()
#18 /var/www/ANTs/Freelance/Talozo/dev/backend/controllers/SiteController.php(78): common\models\LoginForm->login()
#19 [internal function]: backend\controllers\SiteController->actionLogin()
#20 /var/www/ANTs/Freelance/Talozo/dev/vendor/yiisoft/yii2/base/InlineAction.php(57): call_user_func_array(Array, Array)
#21 /var/www/ANTs/Freelance/Talozo/dev/vendor/yiisoft/yii2/base/Controller.php(156): yii\base\InlineAction->runWithParams(Array)
#22 /var/www/ANTs/Freelance/Talozo/dev/vendor/yiisoft/yii2/base/Module.php(523): yii\base\Controller->runAction('login', Array)
#23 /var/www/ANTs/Freelance/Talozo/dev/vendor/yiisoft/yii2/web/Application.php(102): yii\base\Module->runAction('site/login', Array)
#24 /var/www/ANTs/Freelance/Talozo/dev/vendor/yiisoft/yii2/base/Application.php(380): yii\web\Application->handleRequest(Object(yii\web\Request))
#25 /var/www/ANTs/Freelance/Talozo/dev/backend/index.php(17): yii\base\Application->run()
#26 {main}
Additional Information:

2017-05-10 05:03:18 [127.0.0.1][-][qdmp050iaq9jg1g99gjfh8bff4][info][application] $_GET = [
    'r' => 'site/login'
]

$_POST = [
    '_csrf-backend' => 'RF9fQ200SWdwJgpyFUAdLS5pNSglfQQWBxQ1egx6Lh5yKgVuKlUDFA=='
    'LoginForm' => [
        'username' => 'asdasd'
        'password' => 'adsasd'
        'rememberMe' => '1'
    ]
    'login-button' => ''
]

$_COOKIE = [
    'advanced-frontend' => 'jesk7m373obkr3dj3q6n795f63'
    '_csrf-frontend' => '218e98a598c3b519f73a07b8c0ea46b7e4a3001a439f7bdefa8a467530c9298aa:2:{i:0;s:14:\"_csrf-frontend\";i:1;s:32:\"1rx8JywxYO7xjSemCxMnPxYye_HzBKA_\";}'
    'advanced-backend' => 'qdmp050iaq9jg1g99gjfh8bff4'
    '_csrf-backend' => 'eed43e1c98f8b10051c19c6ac5d99c0deef28c00d5cf2427f11fda918e08010ca:2:{i:0;s:13:\"_csrf-backend\";i:1;s:32:\"4yU1xtTJj6jkHIMqCKj9aNgy6uZ-GaJs\";}'
]

$_SESSION = [
    '__flash' => []
    '__returnUrl' => '/backend/'
]

$_SERVER = [
    'HTTP_HOST' => 'dev.talozo.local'
    'HTTP_USER_AGENT' => 'Mozilla/5.0 (X11; Ubuntu; Linux i686; rv:53.0) Gecko/20100101 Firefox/53.0'
    'HTTP_ACCEPT' => 'text/html,application/xhtml+xml,application/xml;q=0.9,*/*;q=0.8'
    'HTTP_ACCEPT_LANGUAGE' => 'en-US,en;q=0.5'
    'HTTP_ACCEPT_ENCODING' => 'gzip, deflate'
    'CONTENT_TYPE' => 'application/x-www-form-urlencoded'
    'CONTENT_LENGTH' => '206'
    'HTTP_REFERER' => 'http://dev.talozo.local/backend/index.php?r=site%2Flogin'
    'HTTP_COOKIE' => 'advanced-frontend=jesk7m373obkr3dj3q6n795f63; _csrf-frontend=218e98a598c3b519f73a07b8c0ea46b7e4a3001a439f7bdefa8a467530c9298aa%3A2%3A%7Bi%3A0%3Bs%3A14%3A%22_csrf-frontend%22%3Bi%3A1%3Bs%3A32%3A%221rx8JywxYO7xjSemCxMnPxYye_HzBKA_%22%3B%7D; advanced-backend=qdmp050iaq9jg1g99gjfh8bff4; _csrf-backend=eed43e1c98f8b10051c19c6ac5d99c0deef28c00d5cf2427f11fda918e08010ca%3A2%3A%7Bi%3A0%3Bs%3A13%3A%22_csrf-backend%22%3Bi%3A1%3Bs%3A32%3A%224yU1xtTJj6jkHIMqCKj9aNgy6uZ-GaJs%22%3B%7D'
    'HTTP_CONNECTION' => 'keep-alive'
    'HTTP_UPGRADE_INSECURE_REQUESTS' => '1'
    'PATH' => '/usr/local/sbin:/usr/local/bin:/usr/sbin:/usr/bin:/sbin:/bin'
    'SERVER_SIGNATURE' => '<address>Apache/2.4.18 (Ubuntu) Server at dev.talozo.local Port 80</address>
'
    'SERVER_SOFTWARE' => 'Apache/2.4.18 (Ubuntu)'
    'SERVER_NAME' => 'dev.talozo.local'
    'SERVER_ADDR' => '127.0.1.1'
    'SERVER_PORT' => '80'
    'REMOTE_ADDR' => '127.0.0.1'
    'DOCUMENT_ROOT' => '/var/www/ANTs/Freelance/Talozo/dev'
    'REQUEST_SCHEME' => 'http'
    'CONTEXT_PREFIX' => ''
    'CONTEXT_DOCUMENT_ROOT' => '/var/www/ANTs/Freelance/Talozo/dev'
    'SERVER_ADMIN' => 'webmaster@localhost'
    'SCRIPT_FILENAME' => '/var/www/ANTs/Freelance/Talozo/dev/backend/index.php'
    'REMOTE_PORT' => '59448'
    'GATEWAY_INTERFACE' => 'CGI/1.1'
    'SERVER_PROTOCOL' => 'HTTP/1.1'
    'REQUEST_METHOD' => 'POST'
    'QUERY_STRING' => 'r=site%2Flogin'
    'REQUEST_URI' => '/backend/index.php?r=site%2Flogin'
    'SCRIPT_NAME' => '/backend/index.php'
    'PHP_SELF' => '/backend/index.php'
    'REQUEST_TIME_FLOAT' => 1494392598.103
    'REQUEST_TIME' => 1494392598
]
2017-05-10 05:04:42 [127.0.0.1][-][qdmp050iaq9jg1g99gjfh8bff4][error][yii\db\Exception] PDOException: SQLSTATE[42S02]: Base table or view not found: 1146 Table 'TAZALO.user' doesn't exist in /var/www/ANTs/Freelance/Talozo/dev/vendor/yiisoft/yii2/db/Command.php:902
Stack trace:
#0 /var/www/ANTs/Freelance/Talozo/dev/vendor/yiisoft/yii2/db/Command.php(902): PDOStatement->execute()
#1 /var/www/ANTs/Freelance/Talozo/dev/vendor/yiisoft/yii2/db/Command.php(376): yii\db\Command->queryInternal('fetch', NULL)
#2 /var/www/ANTs/Freelance/Talozo/dev/vendor/yiisoft/yii2/db/Query.php(253): yii\db\Command->queryOne()
#3 /var/www/ANTs/Freelance/Talozo/dev/vendor/yiisoft/yii2/db/ActiveQuery.php(295): yii\db\Query->one(NULL)
#4 /var/www/ANTs/Freelance/Talozo/dev/vendor/yiisoft/yii2/db/BaseActiveRecord.php(107): yii\db\ActiveQuery->one()
#5 /var/www/ANTs/Freelance/Talozo/dev/common/models/User.php(83): yii\db\BaseActiveRecord::findOne(Array)
#6 /var/www/ANTs/Freelance/Talozo/dev/common/models/LoginForm.php(73): common\models\User::findByUsername('asdasd')
#7 /var/www/ANTs/Freelance/Talozo/dev/common/models/LoginForm.php(44): common\models\LoginForm->getUser()
#8 [internal function]: common\models\LoginForm->validatePassword('password', NULL, Object(yii\validators\InlineValidator))
#9 /var/www/ANTs/Freelance/Talozo/dev/vendor/yiisoft/yii2/validators/InlineValidator.php(72): call_user_func(Array, 'password', NULL, Object(yii\validators\InlineValidator))
#10 /var/www/ANTs/Freelance/Talozo/dev/vendor/yiisoft/yii2/validators/Validator.php(267): yii\validators\InlineValidator->validateAttribute(Object(common\models\LoginForm), 'password')
#11 /var/www/ANTs/Freelance/Talozo/dev/vendor/yiisoft/yii2/base/Model.php(358): yii\validators\Validator->validateAttributes(Object(common\models\LoginForm), Array)
#12 /var/www/ANTs/Freelance/Talozo/dev/common/models/LoginForm.php(58): yii\base\Model->validate()
#13 /var/www/ANTs/Freelance/Talozo/dev/backend/controllers/SiteController.php(78): common\models\LoginForm->login()
#14 [internal function]: backend\controllers\SiteController->actionLogin()
#15 /var/www/ANTs/Freelance/Talozo/dev/vendor/yiisoft/yii2/base/InlineAction.php(57): call_user_func_array(Array, Array)
#16 /var/www/ANTs/Freelance/Talozo/dev/vendor/yiisoft/yii2/base/Controller.php(156): yii\base\InlineAction->runWithParams(Array)
#17 /var/www/ANTs/Freelance/Talozo/dev/vendor/yiisoft/yii2/base/Module.php(523): yii\base\Controller->runAction('login', Array)
#18 /var/www/ANTs/Freelance/Talozo/dev/vendor/yiisoft/yii2/web/Application.php(102): yii\base\Module->runAction('site/login', Array)
#19 /var/www/ANTs/Freelance/Talozo/dev/vendor/yiisoft/yii2/base/Application.php(380): yii\web\Application->handleRequest(Object(yii\web\Request))
#20 /var/www/ANTs/Freelance/Talozo/dev/backend/index.php(17): yii\base\Application->run()
#21 {main}

Next yii\db\Exception: SQLSTATE[42S02]: Base table or view not found: 1146 Table 'TAZALO.user' doesn't exist
The SQL being executed was: SELECT * FROM `user` WHERE (`username`='asdasd') AND (`status`=10) in /var/www/ANTs/Freelance/Talozo/dev/vendor/yiisoft/yii2/db/Schema.php:636
Stack trace:
#0 /var/www/ANTs/Freelance/Talozo/dev/vendor/yiisoft/yii2/db/Command.php(917): yii\db\Schema->convertException(Object(PDOException), 'SELECT * FROM `...')
#1 /var/www/ANTs/Freelance/Talozo/dev/vendor/yiisoft/yii2/db/Command.php(376): yii\db\Command->queryInternal('fetch', NULL)
#2 /var/www/ANTs/Freelance/Talozo/dev/vendor/yiisoft/yii2/db/Query.php(253): yii\db\Command->queryOne()
#3 /var/www/ANTs/Freelance/Talozo/dev/vendor/yiisoft/yii2/db/ActiveQuery.php(295): yii\db\Query->one(NULL)
#4 /var/www/ANTs/Freelance/Talozo/dev/vendor/yiisoft/yii2/db/BaseActiveRecord.php(107): yii\db\ActiveQuery->one()
#5 /var/www/ANTs/Freelance/Talozo/dev/common/models/User.php(83): yii\db\BaseActiveRecord::findOne(Array)
#6 /var/www/ANTs/Freelance/Talozo/dev/common/models/LoginForm.php(73): common\models\User::findByUsername('asdasd')
#7 /var/www/ANTs/Freelance/Talozo/dev/common/models/LoginForm.php(44): common\models\LoginForm->getUser()
#8 [internal function]: common\models\LoginForm->validatePassword('password', NULL, Object(yii\validators\InlineValidator))
#9 /var/www/ANTs/Freelance/Talozo/dev/vendor/yiisoft/yii2/validators/InlineValidator.php(72): call_user_func(Array, 'password', NULL, Object(yii\validators\InlineValidator))
#10 /var/www/ANTs/Freelance/Talozo/dev/vendor/yiisoft/yii2/validators/Validator.php(267): yii\validators\InlineValidator->validateAttribute(Object(common\models\LoginForm), 'password')
#11 /var/www/ANTs/Freelance/Talozo/dev/vendor/yiisoft/yii2/base/Model.php(358): yii\validators\Validator->validateAttributes(Object(common\models\LoginForm), Array)
#12 /var/www/ANTs/Freelance/Talozo/dev/common/models/LoginForm.php(58): yii\base\Model->validate()
#13 /var/www/ANTs/Freelance/Talozo/dev/backend/controllers/SiteController.php(78): common\models\LoginForm->login()
#14 [internal function]: backend\controllers\SiteController->actionLogin()
#15 /var/www/ANTs/Freelance/Talozo/dev/vendor/yiisoft/yii2/base/InlineAction.php(57): call_user_func_array(Array, Array)
#16 /var/www/ANTs/Freelance/Talozo/dev/vendor/yiisoft/yii2/base/Controller.php(156): yii\base\InlineAction->runWithParams(Array)
#17 /var/www/ANTs/Freelance/Talozo/dev/vendor/yiisoft/yii2/base/Module.php(523): yii\base\Controller->runAction('login', Array)
#18 /var/www/ANTs/Freelance/Talozo/dev/vendor/yiisoft/yii2/web/Application.php(102): yii\base\Module->runAction('site/login', Array)
#19 /var/www/ANTs/Freelance/Talozo/dev/vendor/yiisoft/yii2/base/Application.php(380): yii\web\Application->handleRequest(Object(yii\web\Request))
#20 /var/www/ANTs/Freelance/Talozo/dev/backend/index.php(17): yii\base\Application->run()
#21 {main}
Additional Information:
Array
(
    [0] => 42S02
    [1] => 1146
    [2] => Table 'TAZALO.user' doesn't exist
)

2017-05-10 05:04:42 [127.0.0.1][-][qdmp050iaq9jg1g99gjfh8bff4][info][application] $_GET = [
    'r' => 'site/login'
]

$_POST = [
    '_csrf-backend' => 'RF9fQ200SWdwJgpyFUAdLS5pNSglfQQWBxQ1egx6Lh5yKgVuKlUDFA=='
    'LoginForm' => [
        'username' => 'asdasd'
        'password' => 'adsasd'
        'rememberMe' => '1'
    ]
    'login-button' => ''
]

$_COOKIE = [
    'advanced-frontend' => 'jesk7m373obkr3dj3q6n795f63'
    '_csrf-frontend' => '218e98a598c3b519f73a07b8c0ea46b7e4a3001a439f7bdefa8a467530c9298aa:2:{i:0;s:14:\"_csrf-frontend\";i:1;s:32:\"1rx8JywxYO7xjSemCxMnPxYye_HzBKA_\";}'
    'advanced-backend' => 'qdmp050iaq9jg1g99gjfh8bff4'
    '_csrf-backend' => 'eed43e1c98f8b10051c19c6ac5d99c0deef28c00d5cf2427f11fda918e08010ca:2:{i:0;s:13:\"_csrf-backend\";i:1;s:32:\"4yU1xtTJj6jkHIMqCKj9aNgy6uZ-GaJs\";}'
]

$_SESSION = [
    '__flash' => []
    '__returnUrl' => '/backend/'
]

$_SERVER = [
    'HTTP_HOST' => 'dev.talozo.local'
    'HTTP_USER_AGENT' => 'Mozilla/5.0 (X11; Ubuntu; Linux i686; rv:53.0) Gecko/20100101 Firefox/53.0'
    'HTTP_ACCEPT' => 'text/html,application/xhtml+xml,application/xml;q=0.9,*/*;q=0.8'
    'HTTP_ACCEPT_LANGUAGE' => 'en-US,en;q=0.5'
    'HTTP_ACCEPT_ENCODING' => 'gzip, deflate'
    'CONTENT_TYPE' => 'application/x-www-form-urlencoded'
    'CONTENT_LENGTH' => '206'
    'HTTP_REFERER' => 'http://dev.talozo.local/backend/index.php?r=site%2Flogin'
    'HTTP_COOKIE' => 'advanced-frontend=jesk7m373obkr3dj3q6n795f63; _csrf-frontend=218e98a598c3b519f73a07b8c0ea46b7e4a3001a439f7bdefa8a467530c9298aa%3A2%3A%7Bi%3A0%3Bs%3A14%3A%22_csrf-frontend%22%3Bi%3A1%3Bs%3A32%3A%221rx8JywxYO7xjSemCxMnPxYye_HzBKA_%22%3B%7D; advanced-backend=qdmp050iaq9jg1g99gjfh8bff4; _csrf-backend=eed43e1c98f8b10051c19c6ac5d99c0deef28c00d5cf2427f11fda918e08010ca%3A2%3A%7Bi%3A0%3Bs%3A13%3A%22_csrf-backend%22%3Bi%3A1%3Bs%3A32%3A%224yU1xtTJj6jkHIMqCKj9aNgy6uZ-GaJs%22%3B%7D'
    'HTTP_CONNECTION' => 'keep-alive'
    'HTTP_UPGRADE_INSECURE_REQUESTS' => '1'
    'HTTP_CACHE_CONTROL' => 'max-age=0'
    'PATH' => '/usr/local/sbin:/usr/local/bin:/usr/sbin:/usr/bin:/sbin:/bin'
    'SERVER_SIGNATURE' => '<address>Apache/2.4.18 (Ubuntu) Server at dev.talozo.local Port 80</address>
'
    'SERVER_SOFTWARE' => 'Apache/2.4.18 (Ubuntu)'
    'SERVER_NAME' => 'dev.talozo.local'
    'SERVER_ADDR' => '127.0.1.1'
    'SERVER_PORT' => '80'
    'REMOTE_ADDR' => '127.0.0.1'
    'DOCUMENT_ROOT' => '/var/www/ANTs/Freelance/Talozo/dev'
    'REQUEST_SCHEME' => 'http'
    'CONTEXT_PREFIX' => ''
    'CONTEXT_DOCUMENT_ROOT' => '/var/www/ANTs/Freelance/Talozo/dev'
    'SERVER_ADMIN' => 'webmaster@localhost'
    'SCRIPT_FILENAME' => '/var/www/ANTs/Freelance/Talozo/dev/backend/index.php'
    'REMOTE_PORT' => '59462'
    'GATEWAY_INTERFACE' => 'CGI/1.1'
    'SERVER_PROTOCOL' => 'HTTP/1.1'
    'REQUEST_METHOD' => 'POST'
    'QUERY_STRING' => 'r=site%2Flogin'
    'REQUEST_URI' => '/backend/index.php?r=site%2Flogin'
    'SCRIPT_NAME' => '/backend/index.php'
    'PHP_SELF' => '/backend/index.php'
    'REQUEST_TIME_FLOAT' => 1494392682.851
    'REQUEST_TIME' => 1494392682
]
2017-05-10 05:31:47 [127.0.0.1][-][a5l719l4j6g5jq5orkv8vjudl7][error][yii\web\HttpException:404] yii\base\InvalidRouteException: Unable to resolve the request "css/site.css". in /var/www/ANTs/Freelance/Talozo/dev/vendor/yiisoft/yii2/base/Module.php:532
Stack trace:
#0 /var/www/ANTs/Freelance/Talozo/dev/vendor/yiisoft/yii2/web/Application.php(102): yii\base\Module->runAction('css/site.css', Array)
#1 /var/www/ANTs/Freelance/Talozo/dev/vendor/yiisoft/yii2/base/Application.php(380): yii\web\Application->handleRequest(Object(yii\web\Request))
#2 /var/www/ANTs/Freelance/Talozo/dev/backend/index.php(17): yii\base\Application->run()
#3 {main}

Next yii\web\NotFoundHttpException: Page not found. in /var/www/ANTs/Freelance/Talozo/dev/vendor/yiisoft/yii2/web/Application.php:114
Stack trace:
#0 /var/www/ANTs/Freelance/Talozo/dev/vendor/yiisoft/yii2/base/Application.php(380): yii\web\Application->handleRequest(Object(yii\web\Request))
#1 /var/www/ANTs/Freelance/Talozo/dev/backend/index.php(17): yii\base\Application->run()
#2 {main}
2017-05-10 05:31:47 [127.0.0.1][-][a5l719l4j6g5jq5orkv8vjudl7][info][application] $_COOKIE = [
    'advanced-frontend' => 'jesk7m373obkr3dj3q6n795f63'
    '_csrf-frontend' => '218e98a598c3b519f73a07b8c0ea46b7e4a3001a439f7bdefa8a467530c9298aa:2:{i:0;s:14:\"_csrf-frontend\";i:1;s:32:\"1rx8JywxYO7xjSemCxMnPxYye_HzBKA_\";}'
    'advanced-backend' => 'qdmp050iaq9jg1g99gjfh8bff4'
    '_csrf-backend' => 'eed43e1c98f8b10051c19c6ac5d99c0deef28c00d5cf2427f11fda918e08010ca:2:{i:0;s:13:\"_csrf-backend\";i:1;s:32:\"4yU1xtTJj6jkHIMqCKj9aNgy6uZ-GaJs\";}'
    'TALOZO-backend' => 'a5l719l4j6g5jq5orkv8vjudl7'
]

$_SESSION = [
    '__flash' => []
    '__returnUrl' => '/backend/'
]

$_SERVER = [
    'REDIRECT_STATUS' => '200'
    'HTTP_HOST' => 'dev.talozo.local'
    'HTTP_USER_AGENT' => 'Mozilla/5.0 (X11; Ubuntu; Linux i686; rv:53.0) Gecko/20100101 Firefox/53.0'
    'HTTP_ACCEPT' => 'text/css,*/*;q=0.1'
    'HTTP_ACCEPT_LANGUAGE' => 'en-US,en;q=0.5'
    'HTTP_ACCEPT_ENCODING' => 'gzip, deflate'
    'HTTP_REFERER' => 'http://dev.talozo.local/backend/site/login'
    'HTTP_COOKIE' => 'advanced-frontend=jesk7m373obkr3dj3q6n795f63; _csrf-frontend=218e98a598c3b519f73a07b8c0ea46b7e4a3001a439f7bdefa8a467530c9298aa%3A2%3A%7Bi%3A0%3Bs%3A14%3A%22_csrf-frontend%22%3Bi%3A1%3Bs%3A32%3A%221rx8JywxYO7xjSemCxMnPxYye_HzBKA_%22%3B%7D; advanced-backend=qdmp050iaq9jg1g99gjfh8bff4; _csrf-backend=eed43e1c98f8b10051c19c6ac5d99c0deef28c00d5cf2427f11fda918e08010ca%3A2%3A%7Bi%3A0%3Bs%3A13%3A%22_csrf-backend%22%3Bi%3A1%3Bs%3A32%3A%224yU1xtTJj6jkHIMqCKj9aNgy6uZ-GaJs%22%3B%7D; TALOZO-backend=a5l719l4j6g5jq5orkv8vjudl7'
    'HTTP_CONNECTION' => 'keep-alive'
    'PATH' => '/usr/local/sbin:/usr/local/bin:/usr/sbin:/usr/bin:/sbin:/bin'
    'SERVER_SIGNATURE' => '<address>Apache/2.4.18 (Ubuntu) Server at dev.talozo.local Port 80</address>
'
    'SERVER_SOFTWARE' => 'Apache/2.4.18 (Ubuntu)'
    'SERVER_NAME' => 'dev.talozo.local'
    'SERVER_ADDR' => '127.0.1.1'
    'SERVER_PORT' => '80'
    'REMOTE_ADDR' => '127.0.0.1'
    'DOCUMENT_ROOT' => '/var/www/ANTs/Freelance/Talozo/dev'
    'REQUEST_SCHEME' => 'http'
    'CONTEXT_PREFIX' => ''
    'CONTEXT_DOCUMENT_ROOT' => '/var/www/ANTs/Freelance/Talozo/dev'
    'SERVER_ADMIN' => 'webmaster@localhost'
    'SCRIPT_FILENAME' => '/var/www/ANTs/Freelance/Talozo/dev/backend/index.php'
    'REMOTE_PORT' => '60330'
    'REDIRECT_URL' => '/backend/css/site.css'
    'GATEWAY_INTERFACE' => 'CGI/1.1'
    'SERVER_PROTOCOL' => 'HTTP/1.1'
    'REQUEST_METHOD' => 'GET'
    'QUERY_STRING' => ''
    'REQUEST_URI' => '/backend/css/site.css'
    'SCRIPT_NAME' => '/backend/index.php'
    'PHP_SELF' => '/backend/index.php'
    'REQUEST_TIME_FLOAT' => 1494394307.038
    'REQUEST_TIME' => 1494394307
]
2017-05-10 05:31:50 [127.0.0.1][-][a5l719l4j6g5jq5orkv8vjudl7][error][yii\web\HttpException:404] yii\base\InvalidRouteException: Unable to resolve the request "css/site.css". in /var/www/ANTs/Freelance/Talozo/dev/vendor/yiisoft/yii2/base/Module.php:532
Stack trace:
#0 /var/www/ANTs/Freelance/Talozo/dev/vendor/yiisoft/yii2/web/Application.php(102): yii\base\Module->runAction('css/site.css', Array)
#1 /var/www/ANTs/Freelance/Talozo/dev/vendor/yiisoft/yii2/base/Application.php(380): yii\web\Application->handleRequest(Object(yii\web\Request))
#2 /var/www/ANTs/Freelance/Talozo/dev/backend/index.php(17): yii\base\Application->run()
#3 {main}

Next yii\web\NotFoundHttpException: Page not found. in /var/www/ANTs/Freelance/Talozo/dev/vendor/yiisoft/yii2/web/Application.php:114
Stack trace:
#0 /var/www/ANTs/Freelance/Talozo/dev/vendor/yiisoft/yii2/base/Application.php(380): yii\web\Application->handleRequest(Object(yii\web\Request))
#1 /var/www/ANTs/Freelance/Talozo/dev/backend/index.php(17): yii\base\Application->run()
#2 {main}
2017-05-10 05:31:50 [127.0.0.1][-][a5l719l4j6g5jq5orkv8vjudl7][info][application] $_COOKIE = [
    'advanced-frontend' => 'jesk7m373obkr3dj3q6n795f63'
    '_csrf-frontend' => '218e98a598c3b519f73a07b8c0ea46b7e4a3001a439f7bdefa8a467530c9298aa:2:{i:0;s:14:\"_csrf-frontend\";i:1;s:32:\"1rx8JywxYO7xjSemCxMnPxYye_HzBKA_\";}'
    'advanced-backend' => 'qdmp050iaq9jg1g99gjfh8bff4'
    '_csrf-backend' => 'eed43e1c98f8b10051c19c6ac5d99c0deef28c00d5cf2427f11fda918e08010ca:2:{i:0;s:13:\"_csrf-backend\";i:1;s:32:\"4yU1xtTJj6jkHIMqCKj9aNgy6uZ-GaJs\";}'
    'TALOZO-backend' => 'a5l719l4j6g5jq5orkv8vjudl7'
]

$_SESSION = [
    '__flash' => []
    '__returnUrl' => '/backend/site/index'
]

$_SERVER = [
    'REDIRECT_STATUS' => '200'
    'HTTP_HOST' => 'dev.talozo.local'
    'HTTP_USER_AGENT' => 'Mozilla/5.0 (X11; Ubuntu; Linux i686; rv:53.0) Gecko/20100101 Firefox/53.0'
    'HTTP_ACCEPT' => 'text/css,*/*;q=0.1'
    'HTTP_ACCEPT_LANGUAGE' => 'en-US,en;q=0.5'
    'HTTP_ACCEPT_ENCODING' => 'gzip, deflate'
    'HTTP_REFERER' => 'http://dev.talozo.local/backend/site/login'
    'HTTP_COOKIE' => 'advanced-frontend=jesk7m373obkr3dj3q6n795f63; _csrf-frontend=218e98a598c3b519f73a07b8c0ea46b7e4a3001a439f7bdefa8a467530c9298aa%3A2%3A%7Bi%3A0%3Bs%3A14%3A%22_csrf-frontend%22%3Bi%3A1%3Bs%3A32%3A%221rx8JywxYO7xjSemCxMnPxYye_HzBKA_%22%3B%7D; advanced-backend=qdmp050iaq9jg1g99gjfh8bff4; _csrf-backend=eed43e1c98f8b10051c19c6ac5d99c0deef28c00d5cf2427f11fda918e08010ca%3A2%3A%7Bi%3A0%3Bs%3A13%3A%22_csrf-backend%22%3Bi%3A1%3Bs%3A32%3A%224yU1xtTJj6jkHIMqCKj9aNgy6uZ-GaJs%22%3B%7D; TALOZO-backend=a5l719l4j6g5jq5orkv8vjudl7'
    'HTTP_CONNECTION' => 'keep-alive'
    'PATH' => '/usr/local/sbin:/usr/local/bin:/usr/sbin:/usr/bin:/sbin:/bin'
    'SERVER_SIGNATURE' => '<address>Apache/2.4.18 (Ubuntu) Server at dev.talozo.local Port 80</address>
'
    'SERVER_SOFTWARE' => 'Apache/2.4.18 (Ubuntu)'
    'SERVER_NAME' => 'dev.talozo.local'
    'SERVER_ADDR' => '127.0.1.1'
    'SERVER_PORT' => '80'
    'REMOTE_ADDR' => '127.0.0.1'
    'DOCUMENT_ROOT' => '/var/www/ANTs/Freelance/Talozo/dev'
    'REQUEST_SCHEME' => 'http'
    'CONTEXT_PREFIX' => ''
    'CONTEXT_DOCUMENT_ROOT' => '/var/www/ANTs/Freelance/Talozo/dev'
    'SERVER_ADMIN' => 'webmaster@localhost'
    'SCRIPT_FILENAME' => '/var/www/ANTs/Freelance/Talozo/dev/backend/index.php'
    'REMOTE_PORT' => '60328'
    'REDIRECT_URL' => '/backend/css/site.css'
    'GATEWAY_INTERFACE' => 'CGI/1.1'
    'SERVER_PROTOCOL' => 'HTTP/1.1'
    'REQUEST_METHOD' => 'GET'
    'QUERY_STRING' => ''
    'REQUEST_URI' => '/backend/css/site.css'
    'SCRIPT_NAME' => '/backend/index.php'
    'PHP_SELF' => '/backend/index.php'
    'REQUEST_TIME_FLOAT' => 1494394310.357
    'REQUEST_TIME' => 1494394310
]
2017-05-10 05:41:22 [127.0.0.1][-][a5l719l4j6g5jq5orkv8vjudl7][error][yii\web\HttpException:404] yii\base\InvalidRouteException: Unable to resolve the request "css/site.css". in /var/www/ANTs/Freelance/Talozo/dev/vendor/yiisoft/yii2/base/Module.php:532
Stack trace:
#0 /var/www/ANTs/Freelance/Talozo/dev/vendor/yiisoft/yii2/web/Application.php(102): yii\base\Module->runAction('css/site.css', Array)
#1 /var/www/ANTs/Freelance/Talozo/dev/vendor/yiisoft/yii2/base/Application.php(380): yii\web\Application->handleRequest(Object(yii\web\Request))
#2 /var/www/ANTs/Freelance/Talozo/dev/backend/index.php(17): yii\base\Application->run()
#3 {main}

Next yii\web\NotFoundHttpException: Page not found. in /var/www/ANTs/Freelance/Talozo/dev/vendor/yiisoft/yii2/web/Application.php:114
Stack trace:
#0 /var/www/ANTs/Freelance/Talozo/dev/vendor/yiisoft/yii2/base/Application.php(380): yii\web\Application->handleRequest(Object(yii\web\Request))
#1 /var/www/ANTs/Freelance/Talozo/dev/backend/index.php(17): yii\base\Application->run()
#2 {main}
2017-05-10 05:41:22 [127.0.0.1][-][a5l719l4j6g5jq5orkv8vjudl7][info][application] $_COOKIE = [
    'advanced-frontend' => 'jesk7m373obkr3dj3q6n795f63'
    '_csrf-frontend' => '218e98a598c3b519f73a07b8c0ea46b7e4a3001a439f7bdefa8a467530c9298aa:2:{i:0;s:14:\"_csrf-frontend\";i:1;s:32:\"1rx8JywxYO7xjSemCxMnPxYye_HzBKA_\";}'
    'advanced-backend' => 'qdmp050iaq9jg1g99gjfh8bff4'
    '_csrf-backend' => 'eed43e1c98f8b10051c19c6ac5d99c0deef28c00d5cf2427f11fda918e08010ca:2:{i:0;s:13:\"_csrf-backend\";i:1;s:32:\"4yU1xtTJj6jkHIMqCKj9aNgy6uZ-GaJs\";}'
    'TALOZO-backend' => 'a5l719l4j6g5jq5orkv8vjudl7'
]

$_SESSION = [
    '__flash' => []
    '__returnUrl' => '/backend/site/index'
]

$_SERVER = [
    'REDIRECT_STATUS' => '200'
    'HTTP_HOST' => 'dev.talozo.local'
    'HTTP_USER_AGENT' => 'Mozilla/5.0 (X11; Ubuntu; Linux i686; rv:53.0) Gecko/20100101 Firefox/53.0'
    'HTTP_ACCEPT' => 'text/css,*/*;q=0.1'
    'HTTP_ACCEPT_LANGUAGE' => 'en-US,en;q=0.5'
    'HTTP_ACCEPT_ENCODING' => 'gzip, deflate'
    'HTTP_REFERER' => 'http://dev.talozo.local/backend/site/login'
    'HTTP_COOKIE' => 'advanced-frontend=jesk7m373obkr3dj3q6n795f63; _csrf-frontend=218e98a598c3b519f73a07b8c0ea46b7e4a3001a439f7bdefa8a467530c9298aa%3A2%3A%7Bi%3A0%3Bs%3A14%3A%22_csrf-frontend%22%3Bi%3A1%3Bs%3A32%3A%221rx8JywxYO7xjSemCxMnPxYye_HzBKA_%22%3B%7D; advanced-backend=qdmp050iaq9jg1g99gjfh8bff4; _csrf-backend=eed43e1c98f8b10051c19c6ac5d99c0deef28c00d5cf2427f11fda918e08010ca%3A2%3A%7Bi%3A0%3Bs%3A13%3A%22_csrf-backend%22%3Bi%3A1%3Bs%3A32%3A%224yU1xtTJj6jkHIMqCKj9aNgy6uZ-GaJs%22%3B%7D; TALOZO-backend=a5l719l4j6g5jq5orkv8vjudl7'
    'HTTP_CONNECTION' => 'keep-alive'
    'PATH' => '/usr/local/sbin:/usr/local/bin:/usr/sbin:/usr/bin:/sbin:/bin'
    'SERVER_SIGNATURE' => '<address>Apache/2.4.18 (Ubuntu) Server at dev.talozo.local Port 80</address>
'
    'SERVER_SOFTWARE' => 'Apache/2.4.18 (Ubuntu)'
    'SERVER_NAME' => 'dev.talozo.local'
    'SERVER_ADDR' => '127.0.1.1'
    'SERVER_PORT' => '80'
    'REMOTE_ADDR' => '127.0.0.1'
    'DOCUMENT_ROOT' => '/var/www/ANTs/Freelance/Talozo/dev'
    'REQUEST_SCHEME' => 'http'
    'CONTEXT_PREFIX' => ''
    'CONTEXT_DOCUMENT_ROOT' => '/var/www/ANTs/Freelance/Talozo/dev'
    'SERVER_ADMIN' => 'webmaster@localhost'
    'SCRIPT_FILENAME' => '/var/www/ANTs/Freelance/Talozo/dev/backend/index.php'
    'REMOTE_PORT' => '60378'
    'REDIRECT_URL' => '/backend/css/site.css'
    'GATEWAY_INTERFACE' => 'CGI/1.1'
    'SERVER_PROTOCOL' => 'HTTP/1.1'
    'REQUEST_METHOD' => 'GET'
    'QUERY_STRING' => ''
    'REQUEST_URI' => '/backend/css/site.css'
    'SCRIPT_NAME' => '/backend/index.php'
    'PHP_SELF' => '/backend/index.php'
    'REQUEST_TIME_FLOAT' => 1494394882.593
    'REQUEST_TIME' => 1494394882
]
