2019-04-29 19:58:32 [127.0.0.1][1][s8l97pigch0s8etkjeciok5790][error][yii\web\HttpException:404] yii\base\InvalidRouteException: Unable to resolve the request "favicon.ico". in /var/www/ANTs/Freelance/Talozo/dev/vendor/yiisoft/yii2/base/Module.php:537
Stack trace:
#0 /var/www/ANTs/Freelance/Talozo/dev/vendor/yiisoft/yii2/web/Application.php(103): yii\base\Module->runAction('favicon.ico', Array)
#1 /var/www/ANTs/Freelance/Talozo/dev/vendor/yiisoft/yii2/base/Application.php(386): yii\web\Application->handleRequest(Object(yii\web\Request))
#2 /var/www/ANTs/Freelance/Talozo/dev/index.php(17): yii\base\Application->run()
#3 {main}

Next yii\web\NotFoundHttpException: Page not found. in /var/www/ANTs/Freelance/Talozo/dev/vendor/yiisoft/yii2/web/Application.php:115
Stack trace:
#0 /var/www/ANTs/Freelance/Talozo/dev/vendor/yiisoft/yii2/base/Application.php(386): yii\web\Application->handleRequest(Object(yii\web\Request))
#1 /var/www/ANTs/Freelance/Talozo/dev/index.php(17): yii\base\Application->run()
#2 {main}
2019-04-29 19:58:32 [127.0.0.1][1][s8l97pigch0s8etkjeciok5790][info][application] $_GET = []

$_POST = []

$_FILES = []

$_COOKIE = [
    '_identity-frontend' => 'c5b5ea339bc938dfca59173e3cfa1dd392471a2d99f78e2f240dacd60737d9c9a:2:{i:0;s:18:\"_identity-frontend\";i:1;s:16:\"[1,null,2592000]\";}'
    'advanced-frontend' => 's8l97pigch0s8etkjeciok5790'
    '_csrf-frontend' => '3832e77cd5b1c4d3722ca042bc62518b519afebb4c7bc42e5a87fc86bf96cf09a:2:{i:0;s:14:\"_csrf-frontend\";i:1;s:32:\"grizhKi3zEbxx9aHPGmjNHFWLjq9f9eb\";}'
]

$_SESSION = [
    '__flash' => []
    '__id' => 1
]

$_SERVER = [
    'REDIRECT_STATUS' => '200'
    'HTTP_HOST' => 'dev.talozo.local'
    'HTTP_CONNECTION' => 'keep-alive'
    'HTTP_PRAGMA' => 'no-cache'
    'HTTP_CACHE_CONTROL' => 'no-cache'
    'HTTP_USER_AGENT' => 'Mozilla/5.0 (X11; Linux i686) AppleWebKit/537.36 (KHTML, like Gecko) Ubuntu Chromium/73.0.3683.75 Chrome/73.0.3683.75 Safari/537.36'
    'HTTP_ACCEPT' => 'image/webp,image/apng,image/*,*/*;q=0.8'
    'HTTP_REFERER' => 'http://dev.talozo.local/product/create'
    'HTTP_ACCEPT_ENCODING' => 'gzip, deflate'
    'HTTP_ACCEPT_LANGUAGE' => 'en-GB,en-US;q=0.9,en;q=0.8'
    'HTTP_COOKIE' => '_identity-frontend=c5b5ea339bc938dfca59173e3cfa1dd392471a2d99f78e2f240dacd60737d9c9a%3A2%3A%7Bi%3A0%3Bs%3A18%3A%22_identity-frontend%22%3Bi%3A1%3Bs%3A16%3A%22%5B1%2Cnull%2C2592000%5D%22%3B%7D; advanced-frontend=s8l97pigch0s8etkjeciok5790; _csrf-frontend=3832e77cd5b1c4d3722ca042bc62518b519afebb4c7bc42e5a87fc86bf96cf09a%3A2%3A%7Bi%3A0%3Bs%3A14%3A%22_csrf-frontend%22%3Bi%3A1%3Bs%3A32%3A%22grizhKi3zEbxx9aHPGmjNHFWLjq9f9eb%22%3B%7D'
    'PATH' => '/usr/local/sbin:/usr/local/bin:/usr/sbin:/usr/bin:/sbin:/bin'
    'SERVER_SIGNATURE' => '<address>Apache/2.4.18 (Ubuntu) Server at dev.talozo.local Port 80</address>
'
    'SERVER_SOFTWARE' => 'Apache/2.4.18 (Ubuntu)'
    'SERVER_NAME' => 'dev.talozo.local'
    'SERVER_ADDR' => '127.0.1.1'
    'SERVER_PORT' => '80'
    'REMOTE_ADDR' => '127.0.0.1'
    'DOCUMENT_ROOT' => '/var/www/ANTs/Freelance/Talozo/dev'
    'REQUEST_SCHEME' => 'http'
    'CONTEXT_PREFIX' => ''
    'CONTEXT_DOCUMENT_ROOT' => '/var/www/ANTs/Freelance/Talozo/dev'
    'SERVER_ADMIN' => 'webmaster@localhost'
    'SCRIPT_FILENAME' => '/var/www/ANTs/Freelance/Talozo/dev/index.php'
    'REMOTE_PORT' => '59396'
    'REDIRECT_URL' => '/favicon.ico'
    'GATEWAY_INTERFACE' => 'CGI/1.1'
    'SERVER_PROTOCOL' => 'HTTP/1.1'
    'REQUEST_METHOD' => 'GET'
    'QUERY_STRING' => ''
    'REQUEST_URI' => '/favicon.ico'
    'SCRIPT_NAME' => '/index.php'
    'PHP_SELF' => '/index.php'
    'REQUEST_TIME_FLOAT' => 1556567912.58
    'REQUEST_TIME' => 1556567912
]
2019-04-29 20:04:45 [127.0.0.1][1][s8l97pigch0s8etkjeciok5790][error][yii\web\HttpException:404] yii\base\InvalidRouteException: Unable to resolve the request "favicon.ico". in /var/www/ANTs/Freelance/Talozo/dev/vendor/yiisoft/yii2/base/Module.php:537
Stack trace:
#0 /var/www/ANTs/Freelance/Talozo/dev/vendor/yiisoft/yii2/web/Application.php(103): yii\base\Module->runAction('favicon.ico', Array)
#1 /var/www/ANTs/Freelance/Talozo/dev/vendor/yiisoft/yii2/base/Application.php(386): yii\web\Application->handleRequest(Object(yii\web\Request))
#2 /var/www/ANTs/Freelance/Talozo/dev/index.php(17): yii\base\Application->run()
#3 {main}

Next yii\web\NotFoundHttpException: Page not found. in /var/www/ANTs/Freelance/Talozo/dev/vendor/yiisoft/yii2/web/Application.php:115
Stack trace:
#0 /var/www/ANTs/Freelance/Talozo/dev/vendor/yiisoft/yii2/base/Application.php(386): yii\web\Application->handleRequest(Object(yii\web\Request))
#1 /var/www/ANTs/Freelance/Talozo/dev/index.php(17): yii\base\Application->run()
#2 {main}
2019-04-29 20:04:45 [127.0.0.1][1][s8l97pigch0s8etkjeciok5790][info][application] $_GET = []

$_POST = []

$_FILES = []

$_COOKIE = [
    '_identity-frontend' => 'c5b5ea339bc938dfca59173e3cfa1dd392471a2d99f78e2f240dacd60737d9c9a:2:{i:0;s:18:\"_identity-frontend\";i:1;s:16:\"[1,null,2592000]\";}'
    'advanced-frontend' => 's8l97pigch0s8etkjeciok5790'
    '_csrf-frontend' => '3832e77cd5b1c4d3722ca042bc62518b519afebb4c7bc42e5a87fc86bf96cf09a:2:{i:0;s:14:\"_csrf-frontend\";i:1;s:32:\"grizhKi3zEbxx9aHPGmjNHFWLjq9f9eb\";}'
]

$_SESSION = [
    '__flash' => []
    '__id' => 1
]

$_SERVER = [
    'REDIRECT_STATUS' => '200'
    'HTTP_HOST' => 'dev.talozo.local'
    'HTTP_CONNECTION' => 'keep-alive'
    'HTTP_PRAGMA' => 'no-cache'
    'HTTP_CACHE_CONTROL' => 'no-cache'
    'HTTP_USER_AGENT' => 'Mozilla/5.0 (X11; Linux i686) AppleWebKit/537.36 (KHTML, like Gecko) Ubuntu Chromium/73.0.3683.75 Chrome/73.0.3683.75 Safari/537.36'
    'HTTP_ACCEPT' => 'image/webp,image/apng,image/*,*/*;q=0.8'
    'HTTP_REFERER' => 'http://dev.talozo.local/user-address/update/1/Shipping'
    'HTTP_ACCEPT_ENCODING' => 'gzip, deflate'
    'HTTP_ACCEPT_LANGUAGE' => 'en-GB,en-US;q=0.9,en;q=0.8'
    'HTTP_COOKIE' => '_identity-frontend=c5b5ea339bc938dfca59173e3cfa1dd392471a2d99f78e2f240dacd60737d9c9a%3A2%3A%7Bi%3A0%3Bs%3A18%3A%22_identity-frontend%22%3Bi%3A1%3Bs%3A16%3A%22%5B1%2Cnull%2C2592000%5D%22%3B%7D; advanced-frontend=s8l97pigch0s8etkjeciok5790; _csrf-frontend=3832e77cd5b1c4d3722ca042bc62518b519afebb4c7bc42e5a87fc86bf96cf09a%3A2%3A%7Bi%3A0%3Bs%3A14%3A%22_csrf-frontend%22%3Bi%3A1%3Bs%3A32%3A%22grizhKi3zEbxx9aHPGmjNHFWLjq9f9eb%22%3B%7D'
    'PATH' => '/usr/local/sbin:/usr/local/bin:/usr/sbin:/usr/bin:/sbin:/bin'
    'SERVER_SIGNATURE' => '<address>Apache/2.4.18 (Ubuntu) Server at dev.talozo.local Port 80</address>
'
    'SERVER_SOFTWARE' => 'Apache/2.4.18 (Ubuntu)'
    'SERVER_NAME' => 'dev.talozo.local'
    'SERVER_ADDR' => '127.0.1.1'
    'SERVER_PORT' => '80'
    'REMOTE_ADDR' => '127.0.0.1'
    'DOCUMENT_ROOT' => '/var/www/ANTs/Freelance/Talozo/dev'
    'REQUEST_SCHEME' => 'http'
    'CONTEXT_PREFIX' => ''
    'CONTEXT_DOCUMENT_ROOT' => '/var/www/ANTs/Freelance/Talozo/dev'
    'SERVER_ADMIN' => 'webmaster@localhost'
    'SCRIPT_FILENAME' => '/var/www/ANTs/Freelance/Talozo/dev/index.php'
    'REMOTE_PORT' => '34234'
    'REDIRECT_URL' => '/favicon.ico'
    'GATEWAY_INTERFACE' => 'CGI/1.1'
    'SERVER_PROTOCOL' => 'HTTP/1.1'
    'REQUEST_METHOD' => 'GET'
    'QUERY_STRING' => ''
    'REQUEST_URI' => '/favicon.ico'
    'SCRIPT_NAME' => '/index.php'
    'PHP_SELF' => '/index.php'
    'REQUEST_TIME_FLOAT' => 1556568285.878
    'REQUEST_TIME' => 1556568285
]
2019-04-29 20:08:35 [127.0.0.1][1][s8l97pigch0s8etkjeciok5790][error][yii\web\HttpException:404] yii\base\InvalidRouteException: Unable to resolve the request "favicon.ico". in /var/www/ANTs/Freelance/Talozo/dev/vendor/yiisoft/yii2/base/Module.php:537
Stack trace:
#0 /var/www/ANTs/Freelance/Talozo/dev/vendor/yiisoft/yii2/web/Application.php(103): yii\base\Module->runAction('favicon.ico', Array)
#1 /var/www/ANTs/Freelance/Talozo/dev/vendor/yiisoft/yii2/base/Application.php(386): yii\web\Application->handleRequest(Object(yii\web\Request))
#2 /var/www/ANTs/Freelance/Talozo/dev/index.php(17): yii\base\Application->run()
#3 {main}

Next yii\web\NotFoundHttpException: Page not found. in /var/www/ANTs/Freelance/Talozo/dev/vendor/yiisoft/yii2/web/Application.php:115
Stack trace:
#0 /var/www/ANTs/Freelance/Talozo/dev/vendor/yiisoft/yii2/base/Application.php(386): yii\web\Application->handleRequest(Object(yii\web\Request))
#1 /var/www/ANTs/Freelance/Talozo/dev/index.php(17): yii\base\Application->run()
#2 {main}
2019-04-29 20:08:35 [127.0.0.1][1][s8l97pigch0s8etkjeciok5790][info][application] $_GET = []

$_POST = []

$_FILES = []

$_COOKIE = [
    '_identity-frontend' => 'c5b5ea339bc938dfca59173e3cfa1dd392471a2d99f78e2f240dacd60737d9c9a:2:{i:0;s:18:\"_identity-frontend\";i:1;s:16:\"[1,null,2592000]\";}'
    'advanced-frontend' => 's8l97pigch0s8etkjeciok5790'
    '_csrf-frontend' => '3832e77cd5b1c4d3722ca042bc62518b519afebb4c7bc42e5a87fc86bf96cf09a:2:{i:0;s:14:\"_csrf-frontend\";i:1;s:32:\"grizhKi3zEbxx9aHPGmjNHFWLjq9f9eb\";}'
]

$_SESSION = [
    '__flash' => []
    '__id' => 1
]

$_SERVER = [
    'REDIRECT_STATUS' => '200'
    'HTTP_HOST' => 'dev.talozo.local'
    'HTTP_CONNECTION' => 'keep-alive'
    'HTTP_PRAGMA' => 'no-cache'
    'HTTP_CACHE_CONTROL' => 'no-cache'
    'HTTP_USER_AGENT' => 'Mozilla/5.0 (X11; Linux i686) AppleWebKit/537.36 (KHTML, like Gecko) Ubuntu Chromium/73.0.3683.75 Chrome/73.0.3683.75 Safari/537.36'
    'HTTP_ACCEPT' => 'image/webp,image/apng,image/*,*/*;q=0.8'
    'HTTP_REFERER' => 'http://dev.talozo.local/user-address/update/1/Shipping'
    'HTTP_ACCEPT_ENCODING' => 'gzip, deflate'
    'HTTP_ACCEPT_LANGUAGE' => 'en-GB,en-US;q=0.9,en;q=0.8'
    'HTTP_COOKIE' => '_identity-frontend=c5b5ea339bc938dfca59173e3cfa1dd392471a2d99f78e2f240dacd60737d9c9a%3A2%3A%7Bi%3A0%3Bs%3A18%3A%22_identity-frontend%22%3Bi%3A1%3Bs%3A16%3A%22%5B1%2Cnull%2C2592000%5D%22%3B%7D; advanced-frontend=s8l97pigch0s8etkjeciok5790; _csrf-frontend=3832e77cd5b1c4d3722ca042bc62518b519afebb4c7bc42e5a87fc86bf96cf09a%3A2%3A%7Bi%3A0%3Bs%3A14%3A%22_csrf-frontend%22%3Bi%3A1%3Bs%3A32%3A%22grizhKi3zEbxx9aHPGmjNHFWLjq9f9eb%22%3B%7D'
    'PATH' => '/usr/local/sbin:/usr/local/bin:/usr/sbin:/usr/bin:/sbin:/bin'
    'SERVER_SIGNATURE' => '<address>Apache/2.4.18 (Ubuntu) Server at dev.talozo.local Port 80</address>
'
    'SERVER_SOFTWARE' => 'Apache/2.4.18 (Ubuntu)'
    'SERVER_NAME' => 'dev.talozo.local'
    'SERVER_ADDR' => '127.0.1.1'
    'SERVER_PORT' => '80'
    'REMOTE_ADDR' => '127.0.0.1'
    'DOCUMENT_ROOT' => '/var/www/ANTs/Freelance/Talozo/dev'
    'REQUEST_SCHEME' => 'http'
    'CONTEXT_PREFIX' => ''
    'CONTEXT_DOCUMENT_ROOT' => '/var/www/ANTs/Freelance/Talozo/dev'
    'SERVER_ADMIN' => 'webmaster@localhost'
    'SCRIPT_FILENAME' => '/var/www/ANTs/Freelance/Talozo/dev/index.php'
    'REMOTE_PORT' => '37040'
    'REDIRECT_URL' => '/favicon.ico'
    'GATEWAY_INTERFACE' => 'CGI/1.1'
    'SERVER_PROTOCOL' => 'HTTP/1.1'
    'REQUEST_METHOD' => 'GET'
    'QUERY_STRING' => ''
    'REQUEST_URI' => '/favicon.ico'
    'SCRIPT_NAME' => '/index.php'
    'PHP_SELF' => '/index.php'
    'REQUEST_TIME_FLOAT' => 1556568515.939
    'REQUEST_TIME' => 1556568515
]
2019-04-29 20:08:41 [127.0.0.1][1][s8l97pigch0s8etkjeciok5790][error][yii\web\HttpException:404] yii\base\InvalidRouteException: Unable to resolve the request "favicon.ico". in /var/www/ANTs/Freelance/Talozo/dev/vendor/yiisoft/yii2/base/Module.php:537
Stack trace:
#0 /var/www/ANTs/Freelance/Talozo/dev/vendor/yiisoft/yii2/web/Application.php(103): yii\base\Module->runAction('favicon.ico', Array)
#1 /var/www/ANTs/Freelance/Talozo/dev/vendor/yiisoft/yii2/base/Application.php(386): yii\web\Application->handleRequest(Object(yii\web\Request))
#2 /var/www/ANTs/Freelance/Talozo/dev/index.php(17): yii\base\Application->run()
#3 {main}

Next yii\web\NotFoundHttpException: Page not found. in /var/www/ANTs/Freelance/Talozo/dev/vendor/yiisoft/yii2/web/Application.php:115
Stack trace:
#0 /var/www/ANTs/Freelance/Talozo/dev/vendor/yiisoft/yii2/base/Application.php(386): yii\web\Application->handleRequest(Object(yii\web\Request))
#1 /var/www/ANTs/Freelance/Talozo/dev/index.php(17): yii\base\Application->run()
#2 {main}
2019-04-29 20:08:41 [127.0.0.1][1][s8l97pigch0s8etkjeciok5790][info][application] $_GET = []

$_POST = []

$_FILES = []

$_COOKIE = [
    '_identity-frontend' => 'c5b5ea339bc938dfca59173e3cfa1dd392471a2d99f78e2f240dacd60737d9c9a:2:{i:0;s:18:\"_identity-frontend\";i:1;s:16:\"[1,null,2592000]\";}'
    'advanced-frontend' => 's8l97pigch0s8etkjeciok5790'
    '_csrf-frontend' => '3832e77cd5b1c4d3722ca042bc62518b519afebb4c7bc42e5a87fc86bf96cf09a:2:{i:0;s:14:\"_csrf-frontend\";i:1;s:32:\"grizhKi3zEbxx9aHPGmjNHFWLjq9f9eb\";}'
]

$_SESSION = [
    '__flash' => []
    '__id' => 1
]

$_SERVER = [
    'REDIRECT_STATUS' => '200'
    'HTTP_HOST' => 'dev.talozo.local'
    'HTTP_CONNECTION' => 'keep-alive'
    'HTTP_PRAGMA' => 'no-cache'
    'HTTP_CACHE_CONTROL' => 'no-cache'
    'HTTP_USER_AGENT' => 'Mozilla/5.0 (X11; Linux i686) AppleWebKit/537.36 (KHTML, like Gecko) Ubuntu Chromium/73.0.3683.75 Chrome/73.0.3683.75 Safari/537.36'
    'HTTP_ACCEPT' => 'image/webp,image/apng,image/*,*/*;q=0.8'
    'HTTP_REFERER' => 'http://dev.talozo.local/product'
    'HTTP_ACCEPT_ENCODING' => 'gzip, deflate'
    'HTTP_ACCEPT_LANGUAGE' => 'en-GB,en-US;q=0.9,en;q=0.8'
    'HTTP_COOKIE' => '_identity-frontend=c5b5ea339bc938dfca59173e3cfa1dd392471a2d99f78e2f240dacd60737d9c9a%3A2%3A%7Bi%3A0%3Bs%3A18%3A%22_identity-frontend%22%3Bi%3A1%3Bs%3A16%3A%22%5B1%2Cnull%2C2592000%5D%22%3B%7D; advanced-frontend=s8l97pigch0s8etkjeciok5790; _csrf-frontend=3832e77cd5b1c4d3722ca042bc62518b519afebb4c7bc42e5a87fc86bf96cf09a%3A2%3A%7Bi%3A0%3Bs%3A14%3A%22_csrf-frontend%22%3Bi%3A1%3Bs%3A32%3A%22grizhKi3zEbxx9aHPGmjNHFWLjq9f9eb%22%3B%7D'
    'PATH' => '/usr/local/sbin:/usr/local/bin:/usr/sbin:/usr/bin:/sbin:/bin'
    'SERVER_SIGNATURE' => '<address>Apache/2.4.18 (Ubuntu) Server at dev.talozo.local Port 80</address>
'
    'SERVER_SOFTWARE' => 'Apache/2.4.18 (Ubuntu)'
    'SERVER_NAME' => 'dev.talozo.local'
    'SERVER_ADDR' => '127.0.1.1'
    'SERVER_PORT' => '80'
    'REMOTE_ADDR' => '127.0.0.1'
    'DOCUMENT_ROOT' => '/var/www/ANTs/Freelance/Talozo/dev'
    'REQUEST_SCHEME' => 'http'
    'CONTEXT_PREFIX' => ''
    'CONTEXT_DOCUMENT_ROOT' => '/var/www/ANTs/Freelance/Talozo/dev'
    'SERVER_ADMIN' => 'webmaster@localhost'
    'SCRIPT_FILENAME' => '/var/www/ANTs/Freelance/Talozo/dev/index.php'
    'REMOTE_PORT' => '37026'
    'REDIRECT_URL' => '/favicon.ico'
    'GATEWAY_INTERFACE' => 'CGI/1.1'
    'SERVER_PROTOCOL' => 'HTTP/1.1'
    'REQUEST_METHOD' => 'GET'
    'QUERY_STRING' => ''
    'REQUEST_URI' => '/favicon.ico'
    'SCRIPT_NAME' => '/index.php'
    'PHP_SELF' => '/index.php'
    'REQUEST_TIME_FLOAT' => 1556568521.593
    'REQUEST_TIME' => 1556568521
]
2019-04-29 20:10:26 [127.0.0.1][1][s8l97pigch0s8etkjeciok5790][error][yii\web\HttpException:404] yii\base\InvalidRouteException: Unable to resolve the request "favicon.ico". in /var/www/ANTs/Freelance/Talozo/dev/vendor/yiisoft/yii2/base/Module.php:537
Stack trace:
#0 /var/www/ANTs/Freelance/Talozo/dev/vendor/yiisoft/yii2/web/Application.php(103): yii\base\Module->runAction('favicon.ico', Array)
#1 /var/www/ANTs/Freelance/Talozo/dev/vendor/yiisoft/yii2/base/Application.php(386): yii\web\Application->handleRequest(Object(yii\web\Request))
#2 /var/www/ANTs/Freelance/Talozo/dev/index.php(17): yii\base\Application->run()
#3 {main}

Next yii\web\NotFoundHttpException: Page not found. in /var/www/ANTs/Freelance/Talozo/dev/vendor/yiisoft/yii2/web/Application.php:115
Stack trace:
#0 /var/www/ANTs/Freelance/Talozo/dev/vendor/yiisoft/yii2/base/Application.php(386): yii\web\Application->handleRequest(Object(yii\web\Request))
#1 /var/www/ANTs/Freelance/Talozo/dev/index.php(17): yii\base\Application->run()
#2 {main}
2019-04-29 20:10:26 [127.0.0.1][1][s8l97pigch0s8etkjeciok5790][info][application] $_GET = []

$_POST = []

$_FILES = []

$_COOKIE = [
    '_identity-frontend' => 'c5b5ea339bc938dfca59173e3cfa1dd392471a2d99f78e2f240dacd60737d9c9a:2:{i:0;s:18:\"_identity-frontend\";i:1;s:16:\"[1,null,2592000]\";}'
    'advanced-frontend' => 's8l97pigch0s8etkjeciok5790'
    '_csrf-frontend' => '3832e77cd5b1c4d3722ca042bc62518b519afebb4c7bc42e5a87fc86bf96cf09a:2:{i:0;s:14:\"_csrf-frontend\";i:1;s:32:\"grizhKi3zEbxx9aHPGmjNHFWLjq9f9eb\";}'
]

$_SESSION = [
    '__flash' => []
    '__id' => 1
]

$_SERVER = [
    'REDIRECT_STATUS' => '200'
    'HTTP_HOST' => 'dev.talozo.local'
    'HTTP_CONNECTION' => 'keep-alive'
    'HTTP_PRAGMA' => 'no-cache'
    'HTTP_CACHE_CONTROL' => 'no-cache'
    'HTTP_USER_AGENT' => 'Mozilla/5.0 (X11; Linux i686) AppleWebKit/537.36 (KHTML, like Gecko) Ubuntu Chromium/73.0.3683.75 Chrome/73.0.3683.75 Safari/537.36'
    'HTTP_ACCEPT' => 'image/webp,image/apng,image/*,*/*;q=0.8'
    'HTTP_REFERER' => 'http://dev.talozo.local/product'
    'HTTP_ACCEPT_ENCODING' => 'gzip, deflate'
    'HTTP_ACCEPT_LANGUAGE' => 'en-GB,en-US;q=0.9,en;q=0.8'
    'HTTP_COOKIE' => '_identity-frontend=c5b5ea339bc938dfca59173e3cfa1dd392471a2d99f78e2f240dacd60737d9c9a%3A2%3A%7Bi%3A0%3Bs%3A18%3A%22_identity-frontend%22%3Bi%3A1%3Bs%3A16%3A%22%5B1%2Cnull%2C2592000%5D%22%3B%7D; advanced-frontend=s8l97pigch0s8etkjeciok5790; _csrf-frontend=3832e77cd5b1c4d3722ca042bc62518b519afebb4c7bc42e5a87fc86bf96cf09a%3A2%3A%7Bi%3A0%3Bs%3A14%3A%22_csrf-frontend%22%3Bi%3A1%3Bs%3A32%3A%22grizhKi3zEbxx9aHPGmjNHFWLjq9f9eb%22%3B%7D'
    'PATH' => '/usr/local/sbin:/usr/local/bin:/usr/sbin:/usr/bin:/sbin:/bin'
    'SERVER_SIGNATURE' => '<address>Apache/2.4.18 (Ubuntu) Server at dev.talozo.local Port 80</address>
'
    'SERVER_SOFTWARE' => 'Apache/2.4.18 (Ubuntu)'
    'SERVER_NAME' => 'dev.talozo.local'
    'SERVER_ADDR' => '127.0.1.1'
    'SERVER_PORT' => '80'
    'REMOTE_ADDR' => '127.0.0.1'
    'DOCUMENT_ROOT' => '/var/www/ANTs/Freelance/Talozo/dev'
    'REQUEST_SCHEME' => 'http'
    'CONTEXT_PREFIX' => ''
    'CONTEXT_DOCUMENT_ROOT' => '/var/www/ANTs/Freelance/Talozo/dev'
    'SERVER_ADMIN' => 'webmaster@localhost'
    'SCRIPT_FILENAME' => '/var/www/ANTs/Freelance/Talozo/dev/index.php'
    'REMOTE_PORT' => '38372'
    'REDIRECT_URL' => '/favicon.ico'
    'GATEWAY_INTERFACE' => 'CGI/1.1'
    'SERVER_PROTOCOL' => 'HTTP/1.1'
    'REQUEST_METHOD' => 'GET'
    'QUERY_STRING' => ''
    'REQUEST_URI' => '/favicon.ico'
    'SCRIPT_NAME' => '/index.php'
    'PHP_SELF' => '/index.php'
    'REQUEST_TIME_FLOAT' => 1556568626.172
    'REQUEST_TIME' => 1556568626
]
2019-04-29 20:11:20 [127.0.0.1][1][s8l97pigch0s8etkjeciok5790][error][yii\web\HttpException:404] yii\base\InvalidRouteException: Unable to resolve the request "favicon.ico". in /var/www/ANTs/Freelance/Talozo/dev/vendor/yiisoft/yii2/base/Module.php:537
Stack trace:
#0 /var/www/ANTs/Freelance/Talozo/dev/vendor/yiisoft/yii2/web/Application.php(103): yii\base\Module->runAction('favicon.ico', Array)
#1 /var/www/ANTs/Freelance/Talozo/dev/vendor/yiisoft/yii2/base/Application.php(386): yii\web\Application->handleRequest(Object(yii\web\Request))
#2 /var/www/ANTs/Freelance/Talozo/dev/index.php(17): yii\base\Application->run()
#3 {main}

Next yii\web\NotFoundHttpException: Page not found. in /var/www/ANTs/Freelance/Talozo/dev/vendor/yiisoft/yii2/web/Application.php:115
Stack trace:
#0 /var/www/ANTs/Freelance/Talozo/dev/vendor/yiisoft/yii2/base/Application.php(386): yii\web\Application->handleRequest(Object(yii\web\Request))
#1 /var/www/ANTs/Freelance/Talozo/dev/index.php(17): yii\base\Application->run()
#2 {main}
2019-04-29 20:11:19 [127.0.0.1][1][s8l97pigch0s8etkjeciok5790][info][application] $_GET = []

$_POST = []

$_FILES = []

$_COOKIE = [
    '_identity-frontend' => 'c5b5ea339bc938dfca59173e3cfa1dd392471a2d99f78e2f240dacd60737d9c9a:2:{i:0;s:18:\"_identity-frontend\";i:1;s:16:\"[1,null,2592000]\";}'
    'advanced-frontend' => 's8l97pigch0s8etkjeciok5790'
    '_csrf-frontend' => '3832e77cd5b1c4d3722ca042bc62518b519afebb4c7bc42e5a87fc86bf96cf09a:2:{i:0;s:14:\"_csrf-frontend\";i:1;s:32:\"grizhKi3zEbxx9aHPGmjNHFWLjq9f9eb\";}'
]

$_SESSION = [
    '__flash' => []
    '__id' => 1
]

$_SERVER = [
    'REDIRECT_STATUS' => '200'
    'HTTP_HOST' => 'dev.talozo.local'
    'HTTP_CONNECTION' => 'keep-alive'
    'HTTP_PRAGMA' => 'no-cache'
    'HTTP_CACHE_CONTROL' => 'no-cache'
    'HTTP_USER_AGENT' => 'Mozilla/5.0 (X11; Linux i686) AppleWebKit/537.36 (KHTML, like Gecko) Ubuntu Chromium/73.0.3683.75 Chrome/73.0.3683.75 Safari/537.36'
    'HTTP_ACCEPT' => 'image/webp,image/apng,image/*,*/*;q=0.8'
    'HTTP_REFERER' => 'http://dev.talozo.local/product'
    'HTTP_ACCEPT_ENCODING' => 'gzip, deflate'
    'HTTP_ACCEPT_LANGUAGE' => 'en-GB,en-US;q=0.9,en;q=0.8'
    'HTTP_COOKIE' => '_identity-frontend=c5b5ea339bc938dfca59173e3cfa1dd392471a2d99f78e2f240dacd60737d9c9a%3A2%3A%7Bi%3A0%3Bs%3A18%3A%22_identity-frontend%22%3Bi%3A1%3Bs%3A16%3A%22%5B1%2Cnull%2C2592000%5D%22%3B%7D; advanced-frontend=s8l97pigch0s8etkjeciok5790; _csrf-frontend=3832e77cd5b1c4d3722ca042bc62518b519afebb4c7bc42e5a87fc86bf96cf09a%3A2%3A%7Bi%3A0%3Bs%3A14%3A%22_csrf-frontend%22%3Bi%3A1%3Bs%3A32%3A%22grizhKi3zEbxx9aHPGmjNHFWLjq9f9eb%22%3B%7D'
    'PATH' => '/usr/local/sbin:/usr/local/bin:/usr/sbin:/usr/bin:/sbin:/bin'
    'SERVER_SIGNATURE' => '<address>Apache/2.4.18 (Ubuntu) Server at dev.talozo.local Port 80</address>
'
    'SERVER_SOFTWARE' => 'Apache/2.4.18 (Ubuntu)'
    'SERVER_NAME' => 'dev.talozo.local'
    'SERVER_ADDR' => '127.0.1.1'
    'SERVER_PORT' => '80'
    'REMOTE_ADDR' => '127.0.0.1'
    'DOCUMENT_ROOT' => '/var/www/ANTs/Freelance/Talozo/dev'
    'REQUEST_SCHEME' => 'http'
    'CONTEXT_PREFIX' => ''
    'CONTEXT_DOCUMENT_ROOT' => '/var/www/ANTs/Freelance/Talozo/dev'
    'SERVER_ADMIN' => 'webmaster@localhost'
    'SCRIPT_FILENAME' => '/var/www/ANTs/Freelance/Talozo/dev/index.php'
    'REMOTE_PORT' => '39036'
    'REDIRECT_URL' => '/favicon.ico'
    'GATEWAY_INTERFACE' => 'CGI/1.1'
    'SERVER_PROTOCOL' => 'HTTP/1.1'
    'REQUEST_METHOD' => 'GET'
    'QUERY_STRING' => ''
    'REQUEST_URI' => '/favicon.ico'
    'SCRIPT_NAME' => '/index.php'
    'PHP_SELF' => '/index.php'
    'REQUEST_TIME_FLOAT' => 1556568679.968
    'REQUEST_TIME' => 1556568679
]
2019-05-07 19:41:13 [127.0.0.1][1][nap8m82h14b9sr4r4rm0nuqot7][error][yii\web\HttpException:404] yii\base\InvalidRouteException: Unable to resolve the request "robots.txt". in /var/www/ANTs/Freelance/Talozo/dev/vendor/yiisoft/yii2/base/Module.php:537
Stack trace:
#0 /var/www/ANTs/Freelance/Talozo/dev/vendor/yiisoft/yii2/web/Application.php(103): yii\base\Module->runAction('robots.txt', Array)
#1 /var/www/ANTs/Freelance/Talozo/dev/vendor/yiisoft/yii2/base/Application.php(386): yii\web\Application->handleRequest(Object(yii\web\Request))
#2 /var/www/ANTs/Freelance/Talozo/dev/index.php(17): yii\base\Application->run()
#3 {main}

Next yii\web\NotFoundHttpException: Page not found. in /var/www/ANTs/Freelance/Talozo/dev/vendor/yiisoft/yii2/web/Application.php:115
Stack trace:
#0 /var/www/ANTs/Freelance/Talozo/dev/vendor/yiisoft/yii2/base/Application.php(386): yii\web\Application->handleRequest(Object(yii\web\Request))
#1 /var/www/ANTs/Freelance/Talozo/dev/index.php(17): yii\base\Application->run()
#2 {main}
2019-05-07 19:41:09 [127.0.0.1][1][nap8m82h14b9sr4r4rm0nuqot7][info][application] $_GET = []

$_POST = []

$_FILES = []

$_COOKIE = [
    '_identity-frontend' => 'c5b5ea339bc938dfca59173e3cfa1dd392471a2d99f78e2f240dacd60737d9c9a:2:{i:0;s:18:\"_identity-frontend\";i:1;s:16:\"[1,null,2592000]\";}'
]

$_SESSION = [
    '__flash' => []
    '__id' => 1
]

$_SERVER = [
    'REDIRECT_STATUS' => '200'
    'HTTP_HOST' => 'dev.talozo.local'
    'HTTP_CONNECTION' => 'keep-alive'
    'HTTP_USER_AGENT' => 'Mozilla/5.0 (X11; Linux i686) AppleWebKit/537.36 (KHTML, like Gecko) Ubuntu Chromium/73.0.3683.86 Chrome/73.0.3683.86 Safari/537.36'
    'HTTP_ACCEPT' => '*/*'
    'HTTP_ACCEPT_ENCODING' => 'gzip, deflate'
    'HTTP_ACCEPT_LANGUAGE' => 'en-GB,en-US;q=0.9,en;q=0.8'
    'HTTP_COOKIE' => '_identity-frontend=c5b5ea339bc938dfca59173e3cfa1dd392471a2d99f78e2f240dacd60737d9c9a%3A2%3A%7Bi%3A0%3Bs%3A18%3A%22_identity-frontend%22%3Bi%3A1%3Bs%3A16%3A%22%5B1%2Cnull%2C2592000%5D%22%3B%7D'
    'PATH' => '/usr/local/sbin:/usr/local/bin:/usr/sbin:/usr/bin:/sbin:/bin'
    'SERVER_SIGNATURE' => '<address>Apache/2.4.18 (Ubuntu) Server at dev.talozo.local Port 80</address>
'
    'SERVER_SOFTWARE' => 'Apache/2.4.18 (Ubuntu)'
    'SERVER_NAME' => 'dev.talozo.local'
    'SERVER_ADDR' => '127.0.1.1'
    'SERVER_PORT' => '80'
    'REMOTE_ADDR' => '127.0.0.1'
    'DOCUMENT_ROOT' => '/var/www/ANTs/Freelance/Talozo/dev'
    'REQUEST_SCHEME' => 'http'
    'CONTEXT_PREFIX' => ''
    'CONTEXT_DOCUMENT_ROOT' => '/var/www/ANTs/Freelance/Talozo/dev'
    'SERVER_ADMIN' => 'webmaster@localhost'
    'SCRIPT_FILENAME' => '/var/www/ANTs/Freelance/Talozo/dev/index.php'
    'REMOTE_PORT' => '49876'
    'REDIRECT_URL' => '/robots.txt'
    'GATEWAY_INTERFACE' => 'CGI/1.1'
    'SERVER_PROTOCOL' => 'HTTP/1.1'
    'REQUEST_METHOD' => 'GET'
    'QUERY_STRING' => ''
    'REQUEST_URI' => '/robots.txt'
    'SCRIPT_NAME' => '/index.php'
    'PHP_SELF' => '/index.php'
    'REQUEST_TIME_FLOAT' => 1557258069.634
    'REQUEST_TIME' => 1557258069
]
2019-05-07 19:41:14 [127.0.0.1][1][4i92e9i8s1878arp5a3udrbdg5][error][yii\db\Exception] PDOException: SQLSTATE[42000]: Syntax error or access violation: 1055 Expression #3 of SELECT list is not in GROUP BY clause and contains nonaggregated column 'TAZALO.taz_product_image.cover_photo' which is not functionally dependent on columns in GROUP BY clause; this is incompatible with sql_mode=only_full_group_by in /var/www/ANTs/Freelance/Talozo/dev/vendor/yiisoft/yii2/db/Command.php:1290
Stack trace:
#0 /var/www/ANTs/Freelance/Talozo/dev/vendor/yiisoft/yii2/db/Command.php(1290): PDOStatement->execute()
#1 /var/www/ANTs/Freelance/Talozo/dev/vendor/yiisoft/yii2/db/Command.php(1158): yii\db\Command->internalExecute('SELECT taz_orde...')
#2 /var/www/ANTs/Freelance/Talozo/dev/vendor/yiisoft/yii2/db/Command.php(399): yii\db\Command->queryInternal('fetchAll', NULL)
#3 /var/www/ANTs/Freelance/Talozo/dev/frontend/models/Shop.php(119): yii\db\Command->queryAll()
#4 /var/www/ANTs/Freelance/Talozo/dev/frontend/components/ShopComponent.php(83): frontend\models\Shop::getOnSaleProducts()
#5 /var/www/ANTs/Freelance/Talozo/dev/frontend/widgets/HomeProduct.php(20): frontend\components\ShopComponent::getOnSaleProducts()
#6 /var/www/ANTs/Freelance/Talozo/dev/vendor/yiisoft/yii2/base/Widget.php(140): frontend\widgets\HomeProduct->run()
#7 /var/www/ANTs/Freelance/Talozo/dev/frontend/views/home/index.php(13): yii\base\Widget::widget()
#8 /var/www/ANTs/Freelance/Talozo/dev/vendor/yiisoft/yii2/base/View.php(348): require('/var/www/ANTs/F...')
#9 /var/www/ANTs/Freelance/Talozo/dev/vendor/yiisoft/yii2/base/View.php(257): yii\base\View->renderPhpFile('/var/www/ANTs/F...', '[]')
#10 /var/www/ANTs/Freelance/Talozo/dev/vendor/yiisoft/yii2/base/View.php(156): yii\base\View->renderFile('/var/www/ANTs/F...', Array, Object(frontend\controllers\HomeController))
#11 /var/www/ANTs/Freelance/Talozo/dev/vendor/yiisoft/yii2/base/Controller.php(384): yii\base\View->render('index', Array, Object(frontend\controllers\HomeController))
#12 /var/www/ANTs/Freelance/Talozo/dev/frontend/controllers/HomeController.php(36): yii\base\Controller->render('index')
#13 [internal function]: frontend\controllers\HomeController->actionIndex()
#14 /var/www/ANTs/Freelance/Talozo/dev/vendor/yiisoft/yii2/base/InlineAction.php(57): call_user_func_array(Array, Array)
#15 /var/www/ANTs/Freelance/Talozo/dev/vendor/yiisoft/yii2/base/Controller.php(157): yii\base\InlineAction->runWithParams(Array)
#16 /var/www/ANTs/Freelance/Talozo/dev/vendor/yiisoft/yii2/base/Module.php(528): yii\base\Controller->runAction('', Array)
#17 /var/www/ANTs/Freelance/Talozo/dev/vendor/yiisoft/yii2/web/Application.php(103): yii\base\Module->runAction('', Array)
#18 /var/www/ANTs/Freelance/Talozo/dev/vendor/yiisoft/yii2/base/Application.php(386): yii\web\Application->handleRequest(Object(yii\web\Request))
#19 /var/www/ANTs/Freelance/Talozo/dev/index.php(17): yii\base\Application->run()
#20 {main}

Next yii\db\Exception: SQLSTATE[42000]: Syntax error or access violation: 1055 Expression #3 of SELECT list is not in GROUP BY clause and contains nonaggregated column 'TAZALO.taz_product_image.cover_photo' which is not functionally dependent on columns in GROUP BY clause; this is incompatible with sql_mode=only_full_group_by
The SQL being executed was: SELECT taz_order_detail.product_id, COUNT(taz_order_detail.product_id) as saleCount, taz_product_image.cover_photo, taz_product_image.crop_image, taz_category.category_name, CONCAT(taz_user.firstname, " ",taz_user.lastname) as productOwner, taz_product.*
                FROM taz_order_detail
                LEFT JOIN taz_product ON taz_order_detail.product_id = taz_product.id
                LEFT JOIN taz_product_image ON taz_order_detail.product_id = taz_product_image.product_id
                LEFT JOIN taz_category ON taz_product.product_category_id = taz_category.id
                LEFT JOIN taz_user ON taz_order_detail.product_owner_id = taz_user.id
                WHERE taz_product.product_status = "Active"
                GROUP BY taz_order_detail.product_id
                ORDER BY saleCount DESC in /var/www/ANTs/Freelance/Talozo/dev/vendor/yiisoft/yii2/db/Schema.php:664
Stack trace:
#0 /var/www/ANTs/Freelance/Talozo/dev/vendor/yiisoft/yii2/db/Command.php(1295): yii\db\Schema->convertException(Object(PDOException), 'SELECT taz_orde...')
#1 /var/www/ANTs/Freelance/Talozo/dev/vendor/yiisoft/yii2/db/Command.php(1158): yii\db\Command->internalExecute('SELECT taz_orde...')
#2 /var/www/ANTs/Freelance/Talozo/dev/vendor/yiisoft/yii2/db/Command.php(399): yii\db\Command->queryInternal('fetchAll', NULL)
#3 /var/www/ANTs/Freelance/Talozo/dev/frontend/models/Shop.php(119): yii\db\Command->queryAll()
#4 /var/www/ANTs/Freelance/Talozo/dev/frontend/components/ShopComponent.php(83): frontend\models\Shop::getOnSaleProducts()
#5 /var/www/ANTs/Freelance/Talozo/dev/frontend/widgets/HomeProduct.php(20): frontend\components\ShopComponent::getOnSaleProducts()
#6 /var/www/ANTs/Freelance/Talozo/dev/vendor/yiisoft/yii2/base/Widget.php(140): frontend\widgets\HomeProduct->run()
#7 /var/www/ANTs/Freelance/Talozo/dev/frontend/views/home/index.php(13): yii\base\Widget::widget()
#8 /var/www/ANTs/Freelance/Talozo/dev/vendor/yiisoft/yii2/base/View.php(348): require('/var/www/ANTs/F...')
#9 /var/www/ANTs/Freelance/Talozo/dev/vendor/yiisoft/yii2/base/View.php(257): yii\base\View->renderPhpFile('/var/www/ANTs/F...', '[]')
#10 /var/www/ANTs/Freelance/Talozo/dev/vendor/yiisoft/yii2/base/View.php(156): yii\base\View->renderFile('/var/www/ANTs/F...', Array, Object(frontend\controllers\HomeController))
#11 /var/www/ANTs/Freelance/Talozo/dev/vendor/yiisoft/yii2/base/Controller.php(384): yii\base\View->render('index', Array, Object(frontend\controllers\HomeController))
#12 /var/www/ANTs/Freelance/Talozo/dev/frontend/controllers/HomeController.php(36): yii\base\Controller->render('index')
#13 [internal function]: frontend\controllers\HomeController->actionIndex()
#14 /var/www/ANTs/Freelance/Talozo/dev/vendor/yiisoft/yii2/base/InlineAction.php(57): call_user_func_array(Array, Array)
#15 /var/www/ANTs/Freelance/Talozo/dev/vendor/yiisoft/yii2/base/Controller.php(157): yii\base\InlineAction->runWithParams(Array)
#16 /var/www/ANTs/Freelance/Talozo/dev/vendor/yiisoft/yii2/base/Module.php(528): yii\base\Controller->runAction('', Array)
#17 /var/www/ANTs/Freelance/Talozo/dev/vendor/yiisoft/yii2/web/Application.php(103): yii\base\Module->runAction('', Array)
#18 /var/www/ANTs/Freelance/Talozo/dev/vendor/yiisoft/yii2/base/Application.php(386): yii\web\Application->handleRequest(Object(yii\web\Request))
#19 /var/www/ANTs/Freelance/Talozo/dev/index.php(17): yii\base\Application->run()
#20 {main}
Additional Information:
Array
(
    [0] => 42000
    [1] => 1055
    [2] => Expression #3 of SELECT list is not in GROUP BY clause and contains nonaggregated column 'TAZALO.taz_product_image.cover_photo' which is not functionally dependent on columns in GROUP BY clause; this is incompatible with sql_mode=only_full_group_by
)

2019-05-07 19:41:09 [127.0.0.1][1][4i92e9i8s1878arp5a3udrbdg5][info][application] $_GET = []

$_POST = []

$_FILES = []

$_COOKIE = [
    '_identity-frontend' => 'c5b5ea339bc938dfca59173e3cfa1dd392471a2d99f78e2f240dacd60737d9c9a:2:{i:0;s:18:\"_identity-frontend\";i:1;s:16:\"[1,null,2592000]\";}'
]

$_SESSION = [
    '__flash' => []
    '__id' => 1
]

$_SERVER = [
    'HTTP_HOST' => 'dev.talozo.local'
    'HTTP_CONNECTION' => 'keep-alive'
    'HTTP_PURPOSE' => 'prefetch'
    'HTTP_UPGRADE_INSECURE_REQUESTS' => '1'
    'HTTP_USER_AGENT' => 'Mozilla/5.0 (X11; Linux i686) AppleWebKit/537.36 (KHTML, like Gecko) Ubuntu Chromium/73.0.3683.86 Chrome/73.0.3683.86 Safari/537.36'
    'HTTP_ACCEPT' => 'text/html,application/xhtml+xml,application/xml;q=0.9,image/webp,image/apng,*/*;q=0.8'
    'HTTP_ACCEPT_ENCODING' => 'gzip, deflate'
    'HTTP_ACCEPT_LANGUAGE' => 'en-GB,en-US;q=0.9,en;q=0.8'
    'HTTP_COOKIE' => '_identity-frontend=c5b5ea339bc938dfca59173e3cfa1dd392471a2d99f78e2f240dacd60737d9c9a%3A2%3A%7Bi%3A0%3Bs%3A18%3A%22_identity-frontend%22%3Bi%3A1%3Bs%3A16%3A%22%5B1%2Cnull%2C2592000%5D%22%3B%7D'
    'PATH' => '/usr/local/sbin:/usr/local/bin:/usr/sbin:/usr/bin:/sbin:/bin'
    'SERVER_SIGNATURE' => '<address>Apache/2.4.18 (Ubuntu) Server at dev.talozo.local Port 80</address>
'
    'SERVER_SOFTWARE' => 'Apache/2.4.18 (Ubuntu)'
    'SERVER_NAME' => 'dev.talozo.local'
    'SERVER_ADDR' => '127.0.1.1'
    'SERVER_PORT' => '80'
    'REMOTE_ADDR' => '127.0.0.1'
    'DOCUMENT_ROOT' => '/var/www/ANTs/Freelance/Talozo/dev'
    'REQUEST_SCHEME' => 'http'
    'CONTEXT_PREFIX' => ''
    'CONTEXT_DOCUMENT_ROOT' => '/var/www/ANTs/Freelance/Talozo/dev'
    'SERVER_ADMIN' => 'webmaster@localhost'
    'SCRIPT_FILENAME' => '/var/www/ANTs/Freelance/Talozo/dev/index.php'
    'REMOTE_PORT' => '49874'
    'GATEWAY_INTERFACE' => 'CGI/1.1'
    'SERVER_PROTOCOL' => 'HTTP/1.1'
    'REQUEST_METHOD' => 'GET'
    'QUERY_STRING' => ''
    'REQUEST_URI' => '/'
    'SCRIPT_NAME' => '/index.php'
    'PHP_SELF' => '/index.php'
    'REQUEST_TIME_FLOAT' => 1557258067.947
    'REQUEST_TIME' => 1557258067
]
2019-05-07 19:41:14 [127.0.0.1][1][kegsac9rh13rhi2hlbap0dj235][error][yii\db\Exception] PDOException: SQLSTATE[42000]: Syntax error or access violation: 1055 Expression #3 of SELECT list is not in GROUP BY clause and contains nonaggregated column 'TAZALO.taz_product_image.cover_photo' which is not functionally dependent on columns in GROUP BY clause; this is incompatible with sql_mode=only_full_group_by in /var/www/ANTs/Freelance/Talozo/dev/vendor/yiisoft/yii2/db/Command.php:1290
Stack trace:
#0 /var/www/ANTs/Freelance/Talozo/dev/vendor/yiisoft/yii2/db/Command.php(1290): PDOStatement->execute()
#1 /var/www/ANTs/Freelance/Talozo/dev/vendor/yiisoft/yii2/db/Command.php(1158): yii\db\Command->internalExecute('SELECT taz_orde...')
#2 /var/www/ANTs/Freelance/Talozo/dev/vendor/yiisoft/yii2/db/Command.php(399): yii\db\Command->queryInternal('fetchAll', NULL)
#3 /var/www/ANTs/Freelance/Talozo/dev/frontend/models/Shop.php(119): yii\db\Command->queryAll()
#4 /var/www/ANTs/Freelance/Talozo/dev/frontend/components/ShopComponent.php(83): frontend\models\Shop::getOnSaleProducts()
#5 /var/www/ANTs/Freelance/Talozo/dev/frontend/widgets/HomeProduct.php(20): frontend\components\ShopComponent::getOnSaleProducts()
#6 /var/www/ANTs/Freelance/Talozo/dev/vendor/yiisoft/yii2/base/Widget.php(140): frontend\widgets\HomeProduct->run()
#7 /var/www/ANTs/Freelance/Talozo/dev/frontend/views/home/index.php(13): yii\base\Widget::widget()
#8 /var/www/ANTs/Freelance/Talozo/dev/vendor/yiisoft/yii2/base/View.php(348): require('/var/www/ANTs/F...')
#9 /var/www/ANTs/Freelance/Talozo/dev/vendor/yiisoft/yii2/base/View.php(257): yii\base\View->renderPhpFile('/var/www/ANTs/F...', '[]')
#10 /var/www/ANTs/Freelance/Talozo/dev/vendor/yiisoft/yii2/base/View.php(156): yii\base\View->renderFile('/var/www/ANTs/F...', Array, Object(frontend\controllers\HomeController))
#11 /var/www/ANTs/Freelance/Talozo/dev/vendor/yiisoft/yii2/base/Controller.php(384): yii\base\View->render('index', Array, Object(frontend\controllers\HomeController))
#12 /var/www/ANTs/Freelance/Talozo/dev/frontend/controllers/HomeController.php(36): yii\base\Controller->render('index')
#13 [internal function]: frontend\controllers\HomeController->actionIndex()
#14 /var/www/ANTs/Freelance/Talozo/dev/vendor/yiisoft/yii2/base/InlineAction.php(57): call_user_func_array(Array, Array)
#15 /var/www/ANTs/Freelance/Talozo/dev/vendor/yiisoft/yii2/base/Controller.php(157): yii\base\InlineAction->runWithParams(Array)
#16 /var/www/ANTs/Freelance/Talozo/dev/vendor/yiisoft/yii2/base/Module.php(528): yii\base\Controller->runAction('', Array)
#17 /var/www/ANTs/Freelance/Talozo/dev/vendor/yiisoft/yii2/web/Application.php(103): yii\base\Module->runAction('', Array)
#18 /var/www/ANTs/Freelance/Talozo/dev/vendor/yiisoft/yii2/base/Application.php(386): yii\web\Application->handleRequest(Object(yii\web\Request))
#19 /var/www/ANTs/Freelance/Talozo/dev/index.php(17): yii\base\Application->run()
#20 {main}

Next yii\db\Exception: SQLSTATE[42000]: Syntax error or access violation: 1055 Expression #3 of SELECT list is not in GROUP BY clause and contains nonaggregated column 'TAZALO.taz_product_image.cover_photo' which is not functionally dependent on columns in GROUP BY clause; this is incompatible with sql_mode=only_full_group_by
The SQL being executed was: SELECT taz_order_detail.product_id, COUNT(taz_order_detail.product_id) as saleCount, taz_product_image.cover_photo, taz_product_image.crop_image, taz_category.category_name, CONCAT(taz_user.firstname, " ",taz_user.lastname) as productOwner, taz_product.*
                FROM taz_order_detail
                LEFT JOIN taz_product ON taz_order_detail.product_id = taz_product.id
                LEFT JOIN taz_product_image ON taz_order_detail.product_id = taz_product_image.product_id
                LEFT JOIN taz_category ON taz_product.product_category_id = taz_category.id
                LEFT JOIN taz_user ON taz_order_detail.product_owner_id = taz_user.id
                WHERE taz_product.product_status = "Active"
                GROUP BY taz_order_detail.product_id
                ORDER BY saleCount DESC in /var/www/ANTs/Freelance/Talozo/dev/vendor/yiisoft/yii2/db/Schema.php:664
Stack trace:
#0 /var/www/ANTs/Freelance/Talozo/dev/vendor/yiisoft/yii2/db/Command.php(1295): yii\db\Schema->convertException(Object(PDOException), 'SELECT taz_orde...')
#1 /var/www/ANTs/Freelance/Talozo/dev/vendor/yiisoft/yii2/db/Command.php(1158): yii\db\Command->internalExecute('SELECT taz_orde...')
#2 /var/www/ANTs/Freelance/Talozo/dev/vendor/yiisoft/yii2/db/Command.php(399): yii\db\Command->queryInternal('fetchAll', NULL)
#3 /var/www/ANTs/Freelance/Talozo/dev/frontend/models/Shop.php(119): yii\db\Command->queryAll()
#4 /var/www/ANTs/Freelance/Talozo/dev/frontend/components/ShopComponent.php(83): frontend\models\Shop::getOnSaleProducts()
#5 /var/www/ANTs/Freelance/Talozo/dev/frontend/widgets/HomeProduct.php(20): frontend\components\ShopComponent::getOnSaleProducts()
#6 /var/www/ANTs/Freelance/Talozo/dev/vendor/yiisoft/yii2/base/Widget.php(140): frontend\widgets\HomeProduct->run()
#7 /var/www/ANTs/Freelance/Talozo/dev/frontend/views/home/index.php(13): yii\base\Widget::widget()
#8 /var/www/ANTs/Freelance/Talozo/dev/vendor/yiisoft/yii2/base/View.php(348): require('/var/www/ANTs/F...')
#9 /var/www/ANTs/Freelance/Talozo/dev/vendor/yiisoft/yii2/base/View.php(257): yii\base\View->renderPhpFile('/var/www/ANTs/F...', '[]')
#10 /var/www/ANTs/Freelance/Talozo/dev/vendor/yiisoft/yii2/base/View.php(156): yii\base\View->renderFile('/var/www/ANTs/F...', Array, Object(frontend\controllers\HomeController))
#11 /var/www/ANTs/Freelance/Talozo/dev/vendor/yiisoft/yii2/base/Controller.php(384): yii\base\View->render('index', Array, Object(frontend\controllers\HomeController))
#12 /var/www/ANTs/Freelance/Talozo/dev/frontend/controllers/HomeController.php(36): yii\base\Controller->render('index')
#13 [internal function]: frontend\controllers\HomeController->actionIndex()
#14 /var/www/ANTs/Freelance/Talozo/dev/vendor/yiisoft/yii2/base/InlineAction.php(57): call_user_func_array(Array, Array)
#15 /var/www/ANTs/Freelance/Talozo/dev/vendor/yiisoft/yii2/base/Controller.php(157): yii\base\InlineAction->runWithParams(Array)
#16 /var/www/ANTs/Freelance/Talozo/dev/vendor/yiisoft/yii2/base/Module.php(528): yii\base\Controller->runAction('', Array)
#17 /var/www/ANTs/Freelance/Talozo/dev/vendor/yiisoft/yii2/web/Application.php(103): yii\base\Module->runAction('', Array)
#18 /var/www/ANTs/Freelance/Talozo/dev/vendor/yiisoft/yii2/base/Application.php(386): yii\web\Application->handleRequest(Object(yii\web\Request))
#19 /var/www/ANTs/Freelance/Talozo/dev/index.php(17): yii\base\Application->run()
#20 {main}
Additional Information:
Array
(
    [0] => 42000
    [1] => 1055
    [2] => Expression #3 of SELECT list is not in GROUP BY clause and contains nonaggregated column 'TAZALO.taz_product_image.cover_photo' which is not functionally dependent on columns in GROUP BY clause; this is incompatible with sql_mode=only_full_group_by
)

2019-05-07 19:41:12 [127.0.0.1][1][kegsac9rh13rhi2hlbap0dj235][info][application] $_GET = []

$_POST = []

$_FILES = []

$_COOKIE = [
    '_identity-frontend' => 'c5b5ea339bc938dfca59173e3cfa1dd392471a2d99f78e2f240dacd60737d9c9a:2:{i:0;s:18:\"_identity-frontend\";i:1;s:16:\"[1,null,2592000]\";}'
]

$_SESSION = [
    '__flash' => []
    '__id' => 1
]

$_SERVER = [
    'HTTP_HOST' => 'dev.talozo.local'
    'HTTP_CONNECTION' => 'keep-alive'
    'HTTP_UPGRADE_INSECURE_REQUESTS' => '1'
    'HTTP_USER_AGENT' => 'Mozilla/5.0 (X11; Linux i686) AppleWebKit/537.36 (KHTML, like Gecko) Ubuntu Chromium/73.0.3683.86 Chrome/73.0.3683.86 Safari/537.36'
    'HTTP_ACCEPT' => 'text/html,application/xhtml+xml,application/xml;q=0.9,image/webp,image/apng,*/*;q=0.8'
    'HTTP_ACCEPT_ENCODING' => 'gzip, deflate'
    'HTTP_ACCEPT_LANGUAGE' => 'en-GB,en-US;q=0.9,en;q=0.8'
    'HTTP_COOKIE' => '_identity-frontend=c5b5ea339bc938dfca59173e3cfa1dd392471a2d99f78e2f240dacd60737d9c9a%3A2%3A%7Bi%3A0%3Bs%3A18%3A%22_identity-frontend%22%3Bi%3A1%3Bs%3A16%3A%22%5B1%2Cnull%2C2592000%5D%22%3B%7D'
    'PATH' => '/usr/local/sbin:/usr/local/bin:/usr/sbin:/usr/bin:/sbin:/bin'
    'SERVER_SIGNATURE' => '<address>Apache/2.4.18 (Ubuntu) Server at dev.talozo.local Port 80</address>
'
    'SERVER_SOFTWARE' => 'Apache/2.4.18 (Ubuntu)'
    'SERVER_NAME' => 'dev.talozo.local'
    'SERVER_ADDR' => '127.0.1.1'
    'SERVER_PORT' => '80'
    'REMOTE_ADDR' => '127.0.0.1'
    'DOCUMENT_ROOT' => '/var/www/ANTs/Freelance/Talozo/dev'
    'REQUEST_SCHEME' => 'http'
    'CONTEXT_PREFIX' => ''
    'CONTEXT_DOCUMENT_ROOT' => '/var/www/ANTs/Freelance/Talozo/dev'
    'SERVER_ADMIN' => 'webmaster@localhost'
    'SCRIPT_FILENAME' => '/var/www/ANTs/Freelance/Talozo/dev/index.php'
    'REMOTE_PORT' => '49902'
    'GATEWAY_INTERFACE' => 'CGI/1.1'
    'SERVER_PROTOCOL' => 'HTTP/1.1'
    'REQUEST_METHOD' => 'GET'
    'QUERY_STRING' => ''
    'REQUEST_URI' => '/'
    'SCRIPT_NAME' => '/index.php'
    'PHP_SELF' => '/index.php'
    'REQUEST_TIME_FLOAT' => 1557258072.961
    'REQUEST_TIME' => 1557258072
]
2019-05-07 19:41:16 [127.0.0.1][1][kegsac9rh13rhi2hlbap0dj235][error][yii\web\HttpException:404] yii\base\InvalidRouteException: Unable to resolve the request "favicon.ico". in /var/www/ANTs/Freelance/Talozo/dev/vendor/yiisoft/yii2/base/Module.php:537
Stack trace:
#0 /var/www/ANTs/Freelance/Talozo/dev/vendor/yiisoft/yii2/web/Application.php(103): yii\base\Module->runAction('favicon.ico', Array)
#1 /var/www/ANTs/Freelance/Talozo/dev/vendor/yiisoft/yii2/base/Application.php(386): yii\web\Application->handleRequest(Object(yii\web\Request))
#2 /var/www/ANTs/Freelance/Talozo/dev/index.php(17): yii\base\Application->run()
#3 {main}

Next yii\web\NotFoundHttpException: Page not found. in /var/www/ANTs/Freelance/Talozo/dev/vendor/yiisoft/yii2/web/Application.php:115
Stack trace:
#0 /var/www/ANTs/Freelance/Talozo/dev/vendor/yiisoft/yii2/base/Application.php(386): yii\web\Application->handleRequest(Object(yii\web\Request))
#1 /var/www/ANTs/Freelance/Talozo/dev/index.php(17): yii\base\Application->run()
#2 {main}
2019-05-07 19:41:16 [127.0.0.1][1][kegsac9rh13rhi2hlbap0dj235][info][application] $_GET = []

$_POST = []

$_FILES = []

$_COOKIE = [
    '_identity-frontend' => 'c5b5ea339bc938dfca59173e3cfa1dd392471a2d99f78e2f240dacd60737d9c9a:2:{i:0;s:18:\"_identity-frontend\";i:1;s:16:\"[1,null,2592000]\";}'
    'advanced-frontend' => 'kegsac9rh13rhi2hlbap0dj235'
]

$_SESSION = [
    '__flash' => []
    '__id' => 1
]

$_SERVER = [
    'REDIRECT_STATUS' => '200'
    'HTTP_HOST' => 'dev.talozo.local'
    'HTTP_CONNECTION' => 'keep-alive'
    'HTTP_USER_AGENT' => 'Mozilla/5.0 (X11; Linux i686) AppleWebKit/537.36 (KHTML, like Gecko) Ubuntu Chromium/73.0.3683.86 Chrome/73.0.3683.86 Safari/537.36'
    'HTTP_ACCEPT' => 'image/webp,image/apng,image/*,*/*;q=0.8'
    'HTTP_REFERER' => 'http://dev.talozo.local/'
    'HTTP_ACCEPT_ENCODING' => 'gzip, deflate'
    'HTTP_ACCEPT_LANGUAGE' => 'en-GB,en-US;q=0.9,en;q=0.8'
    'HTTP_COOKIE' => '_identity-frontend=c5b5ea339bc938dfca59173e3cfa1dd392471a2d99f78e2f240dacd60737d9c9a%3A2%3A%7Bi%3A0%3Bs%3A18%3A%22_identity-frontend%22%3Bi%3A1%3Bs%3A16%3A%22%5B1%2Cnull%2C2592000%5D%22%3B%7D; advanced-frontend=kegsac9rh13rhi2hlbap0dj235'
    'PATH' => '/usr/local/sbin:/usr/local/bin:/usr/sbin:/usr/bin:/sbin:/bin'
    'SERVER_SIGNATURE' => '<address>Apache/2.4.18 (Ubuntu) Server at dev.talozo.local Port 80</address>
'
    'SERVER_SOFTWARE' => 'Apache/2.4.18 (Ubuntu)'
    'SERVER_NAME' => 'dev.talozo.local'
    'SERVER_ADDR' => '127.0.1.1'
    'SERVER_PORT' => '80'
    'REMOTE_ADDR' => '127.0.0.1'
    'DOCUMENT_ROOT' => '/var/www/ANTs/Freelance/Talozo/dev'
    'REQUEST_SCHEME' => 'http'
    'CONTEXT_PREFIX' => ''
    'CONTEXT_DOCUMENT_ROOT' => '/var/www/ANTs/Freelance/Talozo/dev'
    'SERVER_ADMIN' => 'webmaster@localhost'
    'SCRIPT_FILENAME' => '/var/www/ANTs/Freelance/Talozo/dev/index.php'
    'REMOTE_PORT' => '49876'
    'REDIRECT_URL' => '/favicon.ico'
    'GATEWAY_INTERFACE' => 'CGI/1.1'
    'SERVER_PROTOCOL' => 'HTTP/1.1'
    'REQUEST_METHOD' => 'GET'
    'QUERY_STRING' => ''
    'REQUEST_URI' => '/favicon.ico'
    'SCRIPT_NAME' => '/index.php'
    'PHP_SELF' => '/index.php'
    'REQUEST_TIME_FLOAT' => 1557258076.007
    'REQUEST_TIME' => 1557258076
]
2019-05-11 18:18:49 [127.0.0.1][1][abqavrntfkkqgn5ngc3t1e4tp1][error][yii\db\Exception] PDOException: SQLSTATE[42000]: Syntax error or access violation: 1055 Expression #3 of SELECT list is not in GROUP BY clause and contains nonaggregated column 'TAZALO.taz_product_image.cover_photo' which is not functionally dependent on columns in GROUP BY clause; this is incompatible with sql_mode=only_full_group_by in /var/www/ANTs/Freelance/Talozo/dev/vendor/yiisoft/yii2/db/Command.php:1290
Stack trace:
#0 /var/www/ANTs/Freelance/Talozo/dev/vendor/yiisoft/yii2/db/Command.php(1290): PDOStatement->execute()
#1 /var/www/ANTs/Freelance/Talozo/dev/vendor/yiisoft/yii2/db/Command.php(1158): yii\db\Command->internalExecute('SELECT taz_orde...')
#2 /var/www/ANTs/Freelance/Talozo/dev/vendor/yiisoft/yii2/db/Command.php(399): yii\db\Command->queryInternal('fetchAll', NULL)
#3 /var/www/ANTs/Freelance/Talozo/dev/frontend/models/Shop.php(119): yii\db\Command->queryAll()
#4 /var/www/ANTs/Freelance/Talozo/dev/frontend/components/ShopComponent.php(83): frontend\models\Shop::getOnSaleProducts()
#5 /var/www/ANTs/Freelance/Talozo/dev/frontend/widgets/HomeProduct.php(20): frontend\components\ShopComponent::getOnSaleProducts()
#6 /var/www/ANTs/Freelance/Talozo/dev/vendor/yiisoft/yii2/base/Widget.php(140): frontend\widgets\HomeProduct->run()
#7 /var/www/ANTs/Freelance/Talozo/dev/frontend/views/home/index.php(13): yii\base\Widget::widget()
#8 /var/www/ANTs/Freelance/Talozo/dev/vendor/yiisoft/yii2/base/View.php(348): require('/var/www/ANTs/F...')
#9 /var/www/ANTs/Freelance/Talozo/dev/vendor/yiisoft/yii2/base/View.php(257): yii\base\View->renderPhpFile('/var/www/ANTs/F...', '[]')
#10 /var/www/ANTs/Freelance/Talozo/dev/vendor/yiisoft/yii2/base/View.php(156): yii\base\View->renderFile('/var/www/ANTs/F...', Array, Object(frontend\controllers\HomeController))
#11 /var/www/ANTs/Freelance/Talozo/dev/vendor/yiisoft/yii2/base/Controller.php(384): yii\base\View->render('index', Array, Object(frontend\controllers\HomeController))
#12 /var/www/ANTs/Freelance/Talozo/dev/frontend/controllers/HomeController.php(36): yii\base\Controller->render('index')
#13 [internal function]: frontend\controllers\HomeController->actionIndex()
#14 /var/www/ANTs/Freelance/Talozo/dev/vendor/yiisoft/yii2/base/InlineAction.php(57): call_user_func_array(Array, Array)
#15 /var/www/ANTs/Freelance/Talozo/dev/vendor/yiisoft/yii2/base/Controller.php(157): yii\base\InlineAction->runWithParams(Array)
#16 /var/www/ANTs/Freelance/Talozo/dev/vendor/yiisoft/yii2/base/Module.php(528): yii\base\Controller->runAction('', Array)
#17 /var/www/ANTs/Freelance/Talozo/dev/vendor/yiisoft/yii2/web/Application.php(103): yii\base\Module->runAction('', Array)
#18 /var/www/ANTs/Freelance/Talozo/dev/vendor/yiisoft/yii2/base/Application.php(386): yii\web\Application->handleRequest(Object(yii\web\Request))
#19 /var/www/ANTs/Freelance/Talozo/dev/index.php(17): yii\base\Application->run()
#20 {main}

Next yii\db\Exception: SQLSTATE[42000]: Syntax error or access violation: 1055 Expression #3 of SELECT list is not in GROUP BY clause and contains nonaggregated column 'TAZALO.taz_product_image.cover_photo' which is not functionally dependent on columns in GROUP BY clause; this is incompatible with sql_mode=only_full_group_by
The SQL being executed was: SELECT taz_order_detail.product_id, COUNT(taz_order_detail.product_id) as saleCount, taz_product_image.cover_photo, taz_product_image.crop_image, taz_category.category_name, CONCAT(taz_user.firstname, " ",taz_user.lastname) as productOwner, taz_product.*
                FROM taz_order_detail
                LEFT JOIN taz_product ON taz_order_detail.product_id = taz_product.id
                LEFT JOIN taz_product_image ON taz_order_detail.product_id = taz_product_image.product_id
                LEFT JOIN taz_category ON taz_product.product_category_id = taz_category.id
                LEFT JOIN taz_user ON taz_order_detail.product_owner_id = taz_user.id
                WHERE taz_product.product_status = "Active"
                GROUP BY taz_order_detail.product_id
                ORDER BY saleCount DESC in /var/www/ANTs/Freelance/Talozo/dev/vendor/yiisoft/yii2/db/Schema.php:664
Stack trace:
#0 /var/www/ANTs/Freelance/Talozo/dev/vendor/yiisoft/yii2/db/Command.php(1295): yii\db\Schema->convertException(Object(PDOException), 'SELECT taz_orde...')
#1 /var/www/ANTs/Freelance/Talozo/dev/vendor/yiisoft/yii2/db/Command.php(1158): yii\db\Command->internalExecute('SELECT taz_orde...')
#2 /var/www/ANTs/Freelance/Talozo/dev/vendor/yiisoft/yii2/db/Command.php(399): yii\db\Command->queryInternal('fetchAll', NULL)
#3 /var/www/ANTs/Freelance/Talozo/dev/frontend/models/Shop.php(119): yii\db\Command->queryAll()
#4 /var/www/ANTs/Freelance/Talozo/dev/frontend/components/ShopComponent.php(83): frontend\models\Shop::getOnSaleProducts()
#5 /var/www/ANTs/Freelance/Talozo/dev/frontend/widgets/HomeProduct.php(20): frontend\components\ShopComponent::getOnSaleProducts()
#6 /var/www/ANTs/Freelance/Talozo/dev/vendor/yiisoft/yii2/base/Widget.php(140): frontend\widgets\HomeProduct->run()
#7 /var/www/ANTs/Freelance/Talozo/dev/frontend/views/home/index.php(13): yii\base\Widget::widget()
#8 /var/www/ANTs/Freelance/Talozo/dev/vendor/yiisoft/yii2/base/View.php(348): require('/var/www/ANTs/F...')
#9 /var/www/ANTs/Freelance/Talozo/dev/vendor/yiisoft/yii2/base/View.php(257): yii\base\View->renderPhpFile('/var/www/ANTs/F...', '[]')
#10 /var/www/ANTs/Freelance/Talozo/dev/vendor/yiisoft/yii2/base/View.php(156): yii\base\View->renderFile('/var/www/ANTs/F...', Array, Object(frontend\controllers\HomeController))
#11 /var/www/ANTs/Freelance/Talozo/dev/vendor/yiisoft/yii2/base/Controller.php(384): yii\base\View->render('index', Array, Object(frontend\controllers\HomeController))
#12 /var/www/ANTs/Freelance/Talozo/dev/frontend/controllers/HomeController.php(36): yii\base\Controller->render('index')
#13 [internal function]: frontend\controllers\HomeController->actionIndex()
#14 /var/www/ANTs/Freelance/Talozo/dev/vendor/yiisoft/yii2/base/InlineAction.php(57): call_user_func_array(Array, Array)
#15 /var/www/ANTs/Freelance/Talozo/dev/vendor/yiisoft/yii2/base/Controller.php(157): yii\base\InlineAction->runWithParams(Array)
#16 /var/www/ANTs/Freelance/Talozo/dev/vendor/yiisoft/yii2/base/Module.php(528): yii\base\Controller->runAction('', Array)
#17 /var/www/ANTs/Freelance/Talozo/dev/vendor/yiisoft/yii2/web/Application.php(103): yii\base\Module->runAction('', Array)
#18 /var/www/ANTs/Freelance/Talozo/dev/vendor/yiisoft/yii2/base/Application.php(386): yii\web\Application->handleRequest(Object(yii\web\Request))
#19 /var/www/ANTs/Freelance/Talozo/dev/index.php(17): yii\base\Application->run()
#20 {main}
Additional Information:
Array
(
    [0] => 42000
    [1] => 1055
    [2] => Expression #3 of SELECT list is not in GROUP BY clause and contains nonaggregated column 'TAZALO.taz_product_image.cover_photo' which is not functionally dependent on columns in GROUP BY clause; this is incompatible with sql_mode=only_full_group_by
)

2019-05-11 18:18:30 [127.0.0.1][1][abqavrntfkkqgn5ngc3t1e4tp1][info][application] $_GET = []

$_POST = []

$_FILES = []

$_COOKIE = [
    '_identity-frontend' => 'c5b5ea339bc938dfca59173e3cfa1dd392471a2d99f78e2f240dacd60737d9c9a:2:{i:0;s:18:\"_identity-frontend\";i:1;s:16:\"[1,null,2592000]\";}'
    'advanced-frontend' => 'kegsac9rh13rhi2hlbap0dj235'
]

$_SESSION = [
    '__flash' => []
    '__id' => 1
]

$_SERVER = [
    'HTTP_HOST' => 'dev.talozo.local'
    'HTTP_CONNECTION' => 'keep-alive'
    'HTTP_UPGRADE_INSECURE_REQUESTS' => '1'
    'HTTP_USER_AGENT' => 'Mozilla/5.0 (X11; Linux i686) AppleWebKit/537.36 (KHTML, like Gecko) Ubuntu Chromium/73.0.3683.86 Chrome/73.0.3683.86 Safari/537.36'
    'HTTP_ACCEPT' => 'text/html,application/xhtml+xml,application/xml;q=0.9,image/webp,image/apng,*/*;q=0.8'
    'HTTP_ACCEPT_ENCODING' => 'gzip, deflate'
    'HTTP_ACCEPT_LANGUAGE' => 'en-GB,en-US;q=0.9,en;q=0.8'
    'HTTP_COOKIE' => '_identity-frontend=c5b5ea339bc938dfca59173e3cfa1dd392471a2d99f78e2f240dacd60737d9c9a%3A2%3A%7Bi%3A0%3Bs%3A18%3A%22_identity-frontend%22%3Bi%3A1%3Bs%3A16%3A%22%5B1%2Cnull%2C2592000%5D%22%3B%7D; advanced-frontend=kegsac9rh13rhi2hlbap0dj235'
    'PATH' => '/usr/local/sbin:/usr/local/bin:/usr/sbin:/usr/bin:/sbin:/bin'
    'SERVER_SIGNATURE' => '<address>Apache/2.4.18 (Ubuntu) Server at dev.talozo.local Port 80</address>
'
    'SERVER_SOFTWARE' => 'Apache/2.4.18 (Ubuntu)'
    'SERVER_NAME' => 'dev.talozo.local'
    'SERVER_ADDR' => '127.0.1.1'
    'SERVER_PORT' => '80'
    'REMOTE_ADDR' => '127.0.0.1'
    'DOCUMENT_ROOT' => '/var/www/ANTs/Freelance/Talozo/dev'
    'REQUEST_SCHEME' => 'http'
    'CONTEXT_PREFIX' => ''
    'CONTEXT_DOCUMENT_ROOT' => '/var/www/ANTs/Freelance/Talozo/dev'
    'SERVER_ADMIN' => 'webmaster@localhost'
    'SCRIPT_FILENAME' => '/var/www/ANTs/Freelance/Talozo/dev/index.php'
    'REMOTE_PORT' => '35114'
    'GATEWAY_INTERFACE' => 'CGI/1.1'
    'SERVER_PROTOCOL' => 'HTTP/1.1'
    'REQUEST_METHOD' => 'GET'
    'QUERY_STRING' => ''
    'REQUEST_URI' => '/'
    'SCRIPT_NAME' => '/index.php'
    'PHP_SELF' => '/index.php'
    'REQUEST_TIME_FLOAT' => 1557598698.796
    'REQUEST_TIME' => 1557598698
]
